#
# There is insufficient memory for the Java Runtime Environment to continue.
# Native memory allocation (malloc) failed to allocate 32832 bytes for Chunk::new
# Possible reasons:
#   The system is out of physical RAM or swap space
#   The process is running with CompressedOops enabled, and the Java Heap may be blocking the growth of the native heap
# Possible solutions:
#   Reduce memory load on the system
#   Increase physical memory or swap space
#   Check if swap backing store is full
#   Decrease Java heap size (-Xmx/-Xms)
#   Decrease number of Java threads
#   Decrease Java thread stack sizes (-Xss)
#   Set larger code cache with -XX:ReservedCodeCacheSize=
#   JVM is running with Unscaled Compressed Oops mode in which the Java heap is
#     placed in the first 4GB address space. The Java Heap base address is the
#     maximum limit for the native heap growth. Please use -XX:HeapBaseMinAddress
#     to set the Java Heap base and to place the Java Heap above 4GB virtual address.
# This output file may be truncated or incomplete.
#
#  Out of Memory Error (./open/src/hotspot/share/memory/arena.cpp:197), pid=29984, tid=30532
#
# JRE version: Java(TM) SE Runtime Environment 18.9 (11.0.18+9) (build 11.0.18+9-LTS-195)
# Java VM: Java HotSpot(TM) 64-Bit Server VM 18.9 (11.0.18+9-LTS-195, mixed mode, tiered, compressed oops, g1 gc, windows-amd64)
# No core dump will be written. Minidumps are not enabled by default on client versions of Windows
#

---------------  S U M M A R Y ------------

Command Line: -Xmx64m -Xms64m -Dorg.gradle.appname=gradlew org.gradle.wrapper.GradleWrapperMain tasks

Host: Intel(R) Core(TM) i5-8265U CPU @ 1.60GHz, 8 cores, 15G,  Windows 11 , 64 bit Build 22621 (10.0.22621.3527)
Time: Mon May 27 08:44:08 2024 Malay Peninsula Standard Time elapsed time: 379.165641 seconds (0d 0h 6m 19s)

---------------  T H R E A D  ---------------

Current thread (0x000002c9ce8bf000):  JavaThread "main" [_thread_in_vm, id=30532, stack(0x000000cb4e700000,0x000000cb4e800000)]

Stack: [0x000000cb4e700000,0x000000cb4e800000]
Native frames: (J=compiled Java code, j=interpreted, Vv=VM code, C=native code)
V  [jvm.dll+0x65d8aa]
V  [jvm.dll+0x79fc1f]
V  [jvm.dll+0x7a12e9]
V  [jvm.dll+0x7a1983]
V  [jvm.dll+0x2585b5]
V  [jvm.dll+0xb284c]
V  [jvm.dll+0xb2e0c]
V  [jvm.dll+0x1db2c7]
V  [jvm.dll+0x1da320]
V  [jvm.dll+0x738c24]
V  [jvm.dll+0x739ffc]
V  [jvm.dll+0x73a173]
V  [jvm.dll+0x2519a9]
V  [jvm.dll+0x37fc46]
C  0x000002c9d5f9e9fd

Java frames: (J=compiled Java code, j=interpreted, Vv=VM code)
j  java.util.Calendar$Builder.build()Ljava/util/Calendar;+236 java.base@11.0.18
j  sun.util.locale.provider.CalendarProviderImpl.getInstance(Ljava/util/TimeZone;Ljava/util/Locale;)Ljava/util/Calendar;+21 java.base@11.0.18
j  java.util.Calendar.createCalendar(Ljava/util/TimeZone;Ljava/util/Locale;)Ljava/util/Calendar;+17 java.base@11.0.18
j  java.util.Calendar.getInstance()Ljava/util/Calendar;+12 java.base@11.0.18
j  org.gradle.launcher.daemon.registry.DaemonStopEvent.occurredInLastHours(I)Z+0
j  org.gradle.launcher.daemon.registry.DaemonStopEvents$2.isSatisfiedBy(Lorg/gradle/launcher/daemon/registry/DaemonStopEvent;)Z+2
j  org.gradle.launcher.daemon.registry.DaemonStopEvents$2.isSatisfiedBy(Ljava/lang/Object;)Z+5
j  org.gradle.util.internal.CollectionUtils.filter(Ljava/lang/Iterable;Ljava/util/Collection;Lorg/gradle/api/specs/Spec;)Ljava/util/Collection;+27
j  org.gradle.util.internal.CollectionUtils.filter(Ljava/util/List;Lorg/gradle/api/specs/Spec;)Ljava/util/List;+11
j  org.gradle.launcher.daemon.registry.DaemonStopEvents.oldStopEvents(Ljava/util/List;)Ljava/util/List;+8
j  org.gradle.launcher.daemon.client.DefaultDaemonConnector.handleStopEvents(Ljava/util/Collection;Ljava/util/Collection;)V+15
j  org.gradle.launcher.daemon.client.DefaultDaemonConnector.connect(Lorg/gradle/api/internal/specs/ExplainingSpec;)Lorg/gradle/launcher/daemon/client/DaemonClientConnection;+71
j  org.gradle.launcher.daemon.client.DaemonClient.execute(Lorg/gradle/internal/invocation/BuildAction;Lorg/gradle/launcher/exec/BuildActionParameters;Lorg/gradle/initialization/BuildRequestContext;)Lorg/gradle/launcher/exec/BuildActionResult;+62
j  org.gradle.launcher.daemon.client.DaemonClient.execute(Lorg/gradle/internal/invocation/BuildAction;Ljava/lang/Object;Ljava/lang/Object;)Lorg/gradle/launcher/exec/BuildActionResult;+10
j  org.gradle.launcher.cli.RunBuildAction.run()V+74
j  org.gradle.internal.Actions$RunnableActionAdapter.execute(Ljava/lang/Object;)V+4
j  org.gradle.launcher.cli.DefaultCommandLineActionFactory$ParseAndBuildAction.execute(Lorg/gradle/launcher/bootstrap/ExecutionListener;)V+60
j  org.gradle.launcher.cli.DefaultCommandLineActionFactory$ParseAndBuildAction.execute(Ljava/lang/Object;)V+5
j  org.gradle.launcher.cli.DebugLoggerWarningAction.execute(Lorg/gradle/launcher/bootstrap/ExecutionListener;)V+9
j  org.gradle.launcher.cli.DebugLoggerWarningAction.execute(Ljava/lang/Object;)V+5
j  org.gradle.launcher.cli.WelcomeMessageAction.execute(Lorg/gradle/launcher/bootstrap/ExecutionListener;)V+218
j  org.gradle.launcher.cli.WelcomeMessageAction.execute(Ljava/lang/Object;)V+5
j  org.gradle.launcher.cli.NativeServicesInitializingAction.execute(Lorg/gradle/launcher/bootstrap/ExecutionListener;)V+35
j  org.gradle.launcher.cli.NativeServicesInitializingAction.execute(Ljava/lang/Object;)V+5
j  org.gradle.launcher.cli.ExceptionReportingAction.execute(Lorg/gradle/launcher/bootstrap/ExecutionListener;)V+5
j  org.gradle.launcher.cli.ExceptionReportingAction.execute(Ljava/lang/Object;)V+5
j  org.gradle.launcher.cli.DefaultCommandLineActionFactory$WithLogging.execute(Lorg/gradle/launcher/bootstrap/ExecutionListener;)V+299
j  org.gradle.launcher.Main.doAction([Ljava/lang/String;Lorg/gradle/launcher/bootstrap/ExecutionListener;)V+14
j  org.gradle.launcher.bootstrap.EntryPoint.run([Ljava/lang/String;)V+12
v  ~StubRoutines::call_stub
j  jdk.internal.reflect.NativeMethodAccessorImpl.invoke0(Ljava/lang/reflect/Method;Ljava/lang/Object;[Ljava/lang/Object;)Ljava/lang/Object;+0 java.base@11.0.18
j  jdk.internal.reflect.NativeMethodAccessorImpl.invoke(Ljava/lang/Object;[Ljava/lang/Object;)Ljava/lang/Object;+100 java.base@11.0.18
j  jdk.internal.reflect.DelegatingMethodAccessorImpl.invoke(Ljava/lang/Object;[Ljava/lang/Object;)Ljava/lang/Object;+6 java.base@11.0.18
j  java.lang.reflect.Method.invoke(Ljava/lang/Object;[Ljava/lang/Object;)Ljava/lang/Object;+59 java.base@11.0.18
j  org.gradle.launcher.bootstrap.ProcessBootstrap.runNoExit(Ljava/lang/String;[Ljava/lang/String;)V+159
j  org.gradle.launcher.bootstrap.ProcessBootstrap.run(Ljava/lang/String;[Ljava/lang/String;)V+2
v  ~StubRoutines::call_stub
j  jdk.internal.reflect.NativeMethodAccessorImpl.invoke0(Ljava/lang/reflect/Method;Ljava/lang/Object;[Ljava/lang/Object;)Ljava/lang/Object;+0 java.base@11.0.18
j  jdk.internal.reflect.NativeMethodAccessorImpl.invoke(Ljava/lang/Object;[Ljava/lang/Object;)Ljava/lang/Object;+100 java.base@11.0.18
j  jdk.internal.reflect.DelegatingMethodAccessorImpl.invoke(Ljava/lang/Object;[Ljava/lang/Object;)Ljava/lang/Object;+6 java.base@11.0.18
j  java.lang.reflect.Method.invoke(Ljava/lang/Object;[Ljava/lang/Object;)Ljava/lang/Object;+59 java.base@11.0.18
j  org.gradle.launcher.GradleMain.main([Ljava/lang/String;)V+100
v  ~StubRoutines::call_stub
j  jdk.internal.reflect.NativeMethodAccessorImpl.invoke0(Ljava/lang/reflect/Method;Ljava/lang/Object;[Ljava/lang/Object;)Ljava/lang/Object;+0 java.base@11.0.18
j  jdk.internal.reflect.NativeMethodAccessorImpl.invoke(Ljava/lang/Object;[Ljava/lang/Object;)Ljava/lang/Object;+100 java.base@11.0.18
j  jdk.internal.reflect.DelegatingMethodAccessorImpl.invoke(Ljava/lang/Object;[Ljava/lang/Object;)Ljava/lang/Object;+6 java.base@11.0.18
j  java.lang.reflect.Method.invoke(Ljava/lang/Object;[Ljava/lang/Object;)Ljava/lang/Object;+59 java.base@11.0.18
j  org.gradle.wrapper.BootstrapMainStarter.start([Ljava/lang/String;Ljava/io/File;)V+105
j  org.gradle.wrapper.WrapperExecutor.execute([Ljava/lang/String;Lorg/gradle/wrapper/Install;Lorg/gradle/wrapper/BootstrapMainStarter;)V+14
j  org.gradle.wrapper.GradleWrapperMain.main([Ljava/lang/String;)V+206
v  ~StubRoutines::call_stub

---------------  P R O C E S S  ---------------

Threads class SMR info:
_java_thread_list=0x000002c9e95ea640, length=11, elements={
0x000002c9ce8bf000, 0x000002c9e7e8f800, 0x000002c9e7eb3800, 0x000002c9e7f20800,
0x000002c9e7f21800, 0x000002c9e7f23000, 0x000002c9e7ec9800, 0x000002c9e7eca800,
0x000002c9e7ece000, 0x000002c9e89aa800, 0x000002c9e9570800
}

Java Threads: ( => current thread )
=>0x000002c9ce8bf000 JavaThread "main" [_thread_in_vm, id=30532, stack(0x000000cb4e700000,0x000000cb4e800000)]
  0x000002c9e7e8f800 JavaThread "Reference Handler" daemon [_thread_blocked, id=10168, stack(0x000000cb4ee00000,0x000000cb4ef00000)]
  0x000002c9e7eb3800 JavaThread "Finalizer" daemon [_thread_blocked, id=18388, stack(0x000000cb4ef00000,0x000000cb4f000000)]
  0x000002c9e7f20800 JavaThread "Signal Dispatcher" daemon [_thread_blocked, id=20396, stack(0x000000cb4e600000,0x000000cb4e700000)]
  0x000002c9e7f21800 JavaThread "Attach Listener" daemon [_thread_blocked, id=28180, stack(0x000000cb4f000000,0x000000cb4f100000)]
  0x000002c9e7f23000 JavaThread "Service Thread" daemon [_thread_blocked, id=33392, stack(0x000000cb4f100000,0x000000cb4f200000)]
  0x000002c9e7ec9800 JavaThread "C2 CompilerThread0" daemon [_thread_blocked, id=33252, stack(0x000000cb4f200000,0x000000cb4f300000)]
  0x000002c9e7eca800 JavaThread "C1 CompilerThread0" daemon [_thread_blocked, id=29200, stack(0x000000cb4f300000,0x000000cb4f400000)]
  0x000002c9e7ece000 JavaThread "Sweeper thread" daemon [_thread_blocked, id=29336, stack(0x000000cb4f400000,0x000000cb4f500000)]
  0x000002c9e89aa800 JavaThread "Common-Cleaner" daemon [_thread_blocked, id=24908, stack(0x000000cb4f600000,0x000000cb4f700000)]
  0x000002c9e9570800 JavaThread "pool-1-thread-1" [_thread_blocked, id=36632, stack(0x000000cb4e500000,0x000000cb4e600000)]

Other Threads:
  0x000002c9e7e8b800 VMThread "VM Thread" [stack: 0x000000cb4ed00000,0x000000cb4ee00000] [id=27260]
  0x000002c9e89a5800 WatcherThread [stack: 0x000000cb4f500000,0x000000cb4f600000] [id=25296]
  0x000002c9ce8d5800 GCTaskThread "GC Thread#0" [stack: 0x000000cb4e800000,0x000000cb4e900000] [id=29500]
  0x000002c9e940f000 GCTaskThread "GC Thread#1" [stack: 0x000000cb4e400000,0x000000cb4e500000] [id=31928]
  0x000002c9ce8db800 ConcurrentGCThread "G1 Main Marker" [stack: 0x000000cb4e900000,0x000000cb4ea00000] [id=29528]
  0x000002c9ce8dd800 ConcurrentGCThread "G1 Conc#0" [stack: 0x000000cb4ea00000,0x000000cb4eb00000] [id=29544]
  0x000002c9ce945800 ConcurrentGCThread "G1 Refine#0" [stack: 0x000000cb4eb00000,0x000000cb4ec00000] [id=27596]
  0x000002c9ce946800 ConcurrentGCThread "G1 Young RemSet Sampling" [stack: 0x000000cb4ec00000,0x000000cb4ed00000] [id=29648]

Threads with active compile tasks:

VM state:synchronizing (normal execution)

VM Mutex/Monitor currently owned by a thread:  ([mutex/lock_event])
[0x000002c9ce8bbe30] Threads_lock - owner thread: 0x000002c9e7e8b800

Heap address: 0x00000000fc000000, size: 64 MB, Compressed Oops mode: 32-bit
Narrow klass base: 0x0000000000000000, Narrow klass shift: 3
Compressed class space size: 1073741824 Address: 0x0000000100000000

Heap:
 garbage-first heap   total 65536K, used 25864K [0x00000000fc000000, 0x0000000100000000)
  region size 1024K, 20 young (20480K), 3 survivors (3072K)
 Metaspace       used 14772K, capacity 15040K, committed 15232K, reserved 1062912K
  class space    used 1697K, capacity 1806K, committed 1920K, reserved 1048576K
Heap Regions: E=young(eden), S=young(survivor), O=old, HS=humongous(starts), HC=humongous(continues), CS=collection set, F=free, A=archive, TAMS=top-at-mark-start (previous, next)
|   0|0x00000000fc000000, 0x00000000fc000000, 0x00000000fc100000|  0%| F|  |TAMS 0x00000000fc000000, 0x00000000fc000000| Untracked 
|   1|0x00000000fc100000, 0x00000000fc100000, 0x00000000fc200000|  0%| F|  |TAMS 0x00000000fc100000, 0x00000000fc100000| Untracked 
|   2|0x00000000fc200000, 0x00000000fc200000, 0x00000000fc300000|  0%| F|  |TAMS 0x00000000fc200000, 0x00000000fc200000| Untracked 
|   3|0x00000000fc300000, 0x00000000fc400000, 0x00000000fc400000|100%|HS|  |TAMS 0x00000000fc300000, 0x00000000fc300000| Complete 
|   4|0x00000000fc400000, 0x00000000fc500000, 0x00000000fc500000|100%|HC|  |TAMS 0x00000000fc400000, 0x00000000fc400000| Complete 
|   5|0x00000000fc500000, 0x00000000fc600000, 0x00000000fc600000|100%|HC|  |TAMS 0x00000000fc500000, 0x00000000fc500000| Complete 
|   6|0x00000000fc600000, 0x00000000fc700000, 0x00000000fc700000|100%| O|  |TAMS 0x00000000fc600000, 0x00000000fc600000| Untracked 
|   7|0x00000000fc700000, 0x00000000fc800000, 0x00000000fc800000|100%| O|  |TAMS 0x00000000fc700000, 0x00000000fc700000| Untracked 
|   8|0x00000000fc800000, 0x00000000fc900000, 0x00000000fc900000|100%| O|  |TAMS 0x00000000fc800000, 0x00000000fc800000| Untracked 
|   9|0x00000000fc900000, 0x00000000fc942200, 0x00000000fca00000| 25%| O|  |TAMS 0x00000000fc900000, 0x00000000fc900000| Untracked 
|  10|0x00000000fca00000, 0x00000000fca00000, 0x00000000fcb00000|  0%| F|  |TAMS 0x00000000fca00000, 0x00000000fca00000| Untracked 
|  11|0x00000000fcb00000, 0x00000000fcb00000, 0x00000000fcc00000|  0%| F|  |TAMS 0x00000000fcb00000, 0x00000000fcb00000| Untracked 
|  12|0x00000000fcc00000, 0x00000000fcc00000, 0x00000000fcd00000|  0%| F|  |TAMS 0x00000000fcc00000, 0x00000000fcc00000| Untracked 
|  13|0x00000000fcd00000, 0x00000000fcd00000, 0x00000000fce00000|  0%| F|  |TAMS 0x00000000fcd00000, 0x00000000fcd00000| Untracked 
|  14|0x00000000fce00000, 0x00000000fce00000, 0x00000000fcf00000|  0%| F|  |TAMS 0x00000000fce00000, 0x00000000fce00000| Untracked 
|  15|0x00000000fcf00000, 0x00000000fcf00000, 0x00000000fd000000|  0%| F|  |TAMS 0x00000000fcf00000, 0x00000000fcf00000| Untracked 
|  16|0x00000000fd000000, 0x00000000fd000000, 0x00000000fd100000|  0%| F|  |TAMS 0x00000000fd000000, 0x00000000fd000000| Untracked 
|  17|0x00000000fd100000, 0x00000000fd100000, 0x00000000fd200000|  0%| F|  |TAMS 0x00000000fd100000, 0x00000000fd100000| Untracked 
|  18|0x00000000fd200000, 0x00000000fd200000, 0x00000000fd300000|  0%| F|  |TAMS 0x00000000fd200000, 0x00000000fd200000| Untracked 
|  19|0x00000000fd300000, 0x00000000fd300000, 0x00000000fd400000|  0%| F|  |TAMS 0x00000000fd300000, 0x00000000fd300000| Untracked 
|  20|0x00000000fd400000, 0x00000000fd400000, 0x00000000fd500000|  0%| F|  |TAMS 0x00000000fd400000, 0x00000000fd400000| Untracked 
|  21|0x00000000fd500000, 0x00000000fd500000, 0x00000000fd600000|  0%| F|  |TAMS 0x00000000fd500000, 0x00000000fd500000| Untracked 
|  22|0x00000000fd600000, 0x00000000fd600000, 0x00000000fd700000|  0%| F|  |TAMS 0x00000000fd600000, 0x00000000fd600000| Untracked 
|  23|0x00000000fd700000, 0x00000000fd700000, 0x00000000fd800000|  0%| F|  |TAMS 0x00000000fd700000, 0x00000000fd700000| Untracked 
|  24|0x00000000fd800000, 0x00000000fd800000, 0x00000000fd900000|  0%| F|  |TAMS 0x00000000fd800000, 0x00000000fd800000| Untracked 
|  25|0x00000000fd900000, 0x00000000fd900000, 0x00000000fda00000|  0%| F|  |TAMS 0x00000000fd900000, 0x00000000fd900000| Untracked 
|  26|0x00000000fda00000, 0x00000000fda00000, 0x00000000fdb00000|  0%| F|  |TAMS 0x00000000fda00000, 0x00000000fda00000| Untracked 
|  27|0x00000000fdb00000, 0x00000000fdb00000, 0x00000000fdc00000|  0%| F|  |TAMS 0x00000000fdb00000, 0x00000000fdb00000| Untracked 
|  28|0x00000000fdc00000, 0x00000000fdc00000, 0x00000000fdd00000|  0%| F|  |TAMS 0x00000000fdc00000, 0x00000000fdc00000| Untracked 
|  29|0x00000000fdd00000, 0x00000000fdd00000, 0x00000000fde00000|  0%| F|  |TAMS 0x00000000fdd00000, 0x00000000fdd00000| Untracked 
|  30|0x00000000fde00000, 0x00000000fde00000, 0x00000000fdf00000|  0%| F|  |TAMS 0x00000000fde00000, 0x00000000fde00000| Untracked 
|  31|0x00000000fdf00000, 0x00000000fdf00000, 0x00000000fe000000|  0%| F|  |TAMS 0x00000000fdf00000, 0x00000000fdf00000| Untracked 
|  32|0x00000000fe000000, 0x00000000fe000000, 0x00000000fe100000|  0%| F|  |TAMS 0x00000000fe000000, 0x00000000fe000000| Untracked 
|  33|0x00000000fe100000, 0x00000000fe100000, 0x00000000fe200000|  0%| F|  |TAMS 0x00000000fe100000, 0x00000000fe100000| Untracked 
|  34|0x00000000fe200000, 0x00000000fe200000, 0x00000000fe300000|  0%| F|  |TAMS 0x00000000fe200000, 0x00000000fe200000| Untracked 
|  35|0x00000000fe300000, 0x00000000fe300000, 0x00000000fe400000|  0%| F|  |TAMS 0x00000000fe300000, 0x00000000fe300000| Untracked 
|  36|0x00000000fe400000, 0x00000000fe400000, 0x00000000fe500000|  0%| F|  |TAMS 0x00000000fe400000, 0x00000000fe400000| Untracked 
|  37|0x00000000fe500000, 0x00000000fe600000, 0x00000000fe600000|100%| S|CS|TAMS 0x00000000fe500000, 0x00000000fe500000| Complete 
|  38|0x00000000fe600000, 0x00000000fe700000, 0x00000000fe700000|100%| S|CS|TAMS 0x00000000fe600000, 0x00000000fe600000| Complete 
|  39|0x00000000fe700000, 0x00000000fe800000, 0x00000000fe800000|100%| S|CS|TAMS 0x00000000fe700000, 0x00000000fe700000| Complete 
|  40|0x00000000fe800000, 0x00000000fe800000, 0x00000000fe900000|  0%| F|  |TAMS 0x00000000fe800000, 0x00000000fe800000| Untracked 
|  41|0x00000000fe900000, 0x00000000fe900000, 0x00000000fea00000|  0%| F|  |TAMS 0x00000000fe900000, 0x00000000fe900000| Untracked 
|  42|0x00000000fea00000, 0x00000000fea00000, 0x00000000feb00000|  0%| F|  |TAMS 0x00000000fea00000, 0x00000000fea00000| Untracked 
|  43|0x00000000feb00000, 0x00000000feb00000, 0x00000000fec00000|  0%| F|  |TAMS 0x00000000feb00000, 0x00000000feb00000| Untracked 
|  44|0x00000000fec00000, 0x00000000fec00000, 0x00000000fed00000|  0%| F|  |TAMS 0x00000000fec00000, 0x00000000fec00000| Untracked 
|  45|0x00000000fed00000, 0x00000000fed00000, 0x00000000fee00000|  0%| F|  |TAMS 0x00000000fed00000, 0x00000000fed00000| Untracked 
|  46|0x00000000fee00000, 0x00000000fee00000, 0x00000000fef00000|  0%| F|  |TAMS 0x00000000fee00000, 0x00000000fee00000| Untracked 
|  47|0x00000000fef00000, 0x00000000ff000000, 0x00000000ff000000|100%| E|  |TAMS 0x00000000fef00000, 0x00000000fef00000| Complete 
|  48|0x00000000ff000000, 0x00000000ff100000, 0x00000000ff100000|100%| E|CS|TAMS 0x00000000ff000000, 0x00000000ff000000| Complete 
|  49|0x00000000ff100000, 0x00000000ff200000, 0x00000000ff200000|100%| E|CS|TAMS 0x00000000ff100000, 0x00000000ff100000| Complete 
|  50|0x00000000ff200000, 0x00000000ff300000, 0x00000000ff300000|100%| E|CS|TAMS 0x00000000ff200000, 0x00000000ff200000| Complete 
|  51|0x00000000ff300000, 0x00000000ff400000, 0x00000000ff400000|100%| E|CS|TAMS 0x00000000ff300000, 0x00000000ff300000| Complete 
|  52|0x00000000ff400000, 0x00000000ff500000, 0x00000000ff500000|100%| E|CS|TAMS 0x00000000ff400000, 0x00000000ff400000| Complete 
|  53|0x00000000ff500000, 0x00000000ff600000, 0x00000000ff600000|100%| E|CS|TAMS 0x00000000ff500000, 0x00000000ff500000| Complete 
|  54|0x00000000ff600000, 0x00000000ff700000, 0x00000000ff700000|100%| E|CS|TAMS 0x00000000ff600000, 0x00000000ff600000| Complete 
|  55|0x00000000ff700000, 0x00000000ff800000, 0x00000000ff800000|100%| E|CS|TAMS 0x00000000ff700000, 0x00000000ff700000| Complete 
|  56|0x00000000ff800000, 0x00000000ff900000, 0x00000000ff900000|100%| E|CS|TAMS 0x00000000ff800000, 0x00000000ff800000| Complete 
|  57|0x00000000ff900000, 0x00000000ffa00000, 0x00000000ffa00000|100%| E|CS|TAMS 0x00000000ff900000, 0x00000000ff900000| Complete 
|  58|0x00000000ffa00000, 0x00000000ffb00000, 0x00000000ffb00000|100%| E|CS|TAMS 0x00000000ffa00000, 0x00000000ffa00000| Complete 
|  59|0x00000000ffb00000, 0x00000000ffc00000, 0x00000000ffc00000|100%| E|CS|TAMS 0x00000000ffb00000, 0x00000000ffb00000| Complete 
|  60|0x00000000ffc00000, 0x00000000ffd00000, 0x00000000ffd00000|100%| E|CS|TAMS 0x00000000ffc00000, 0x00000000ffc00000| Complete 
|  61|0x00000000ffd00000, 0x00000000ffe00000, 0x00000000ffe00000|100%| E|CS|TAMS 0x00000000ffd00000, 0x00000000ffd00000| Complete 
|  62|0x00000000ffe00000, 0x00000000fff00000, 0x00000000fff00000|100%| E|CS|TAMS 0x00000000ffe00000, 0x00000000ffe00000| Complete 
|  63|0x00000000fff00000, 0x0000000100000000, 0x0000000100000000|100%| E|CS|TAMS 0x00000000fff00000, 0x00000000fff00000| Complete 

Card table byte_map: [0x000002c9ce800000,0x000002c9ce820000] _byte_map_base: 0x000002c9ce020000

Marking Bits (Prev, Next): (CMBitMap*) 0x000002c9ce8da378, (CMBitMap*) 0x000002c9ce8da3b0
 Prev Bits: [0x000002c9e52b0000, 0x000002c9e53b0000)
 Next Bits: [0x000002c9e53b0000, 0x000002c9e54b0000)

Polling page: 0x000002c9ce080000

Metaspace:

Usage:
  Non-class:     12.92 MB capacity,    12.77 MB ( 99%) used,   138.61 KB (  1%) free+waste,    20.50 KB ( <1%) overhead. 
      Class:      1.76 MB capacity,     1.66 MB ( 94%) used,    97.66 KB (  5%) free+waste,    10.38 KB ( <1%) overhead. 
       Both:     14.69 MB capacity,    14.43 MB ( 98%) used,   236.27 KB (  2%) free+waste,    30.88 KB ( <1%) overhead. 

Virtual space:
  Non-class space:       14.00 MB reserved,      13.00 MB ( 93%) committed 
      Class space:        1.00 GB reserved,       1.88 MB ( <1%) committed 
             Both:        1.01 GB reserved,      14.88 MB (  1%) committed 

Chunk freelists:
   Non-Class:  1.75 KB
       Class:  2.25 KB
        Both:  4.00 KB

CodeHeap 'non-profiled nmethods': size=120000Kb used=459Kb max_used=459Kb free=119540Kb
 bounds [0x000002c9dda50000, 0x000002c9ddcc0000, 0x000002c9e4f80000]
CodeHeap 'profiled nmethods': size=120000Kb used=2471Kb max_used=2471Kb free=117529Kb
 bounds [0x000002c9d6520000, 0x000002c9d6790000, 0x000002c9dda50000]
CodeHeap 'non-nmethods': size=5760Kb used=1097Kb max_used=1109Kb free=4663Kb
 bounds [0x000002c9d5f80000, 0x000002c9d61f0000, 0x000002c9d6520000]
 total_blobs=1708 nmethods=1295 adapters=325
 compilation: enabled
              stopped_count=0, restarted_count=0
 full_count=0

Compilation events (10 events):
Event: 370.099 Thread 0x000002c9e7eca800 1295       3       java.io.DataInputStream::readFully (9 bytes)
Event: 370.100 Thread 0x000002c9e7eca800 nmethod 1295 0x000002c9d6787d10 code [0x000002c9d6787ec0, 0x000002c9d6788008]
Event: 370.101 Thread 0x000002c9e7ec9800 1296  s    4       java.io.BufferedInputStream::read (49 bytes)
Event: 370.102 Thread 0x000002c9e7eca800 1297       3       java.util.Objects::hash (5 bytes)
Event: 370.102 Thread 0x000002c9e7eca800 nmethod 1297 0x000002c9d6788110 code [0x000002c9d67882a0, 0x000002c9d67883a8]
Event: 370.102 Thread 0x000002c9e7eca800 1298       3       java.lang.invoke.MemberName::isCallerSensitive (7 bytes)
Event: 370.103 Thread 0x000002c9e7eca800 nmethod 1298 0x000002c9d6788490 code [0x000002c9d6788640, 0x000002c9d6788878]
Event: 370.103 Thread 0x000002c9e7eca800 1299       3       java.lang.invoke.TypeConvertingMethodAdapter::descriptorToName (36 bytes)
Event: 370.104 Thread 0x000002c9e7eca800 nmethod 1299 0x000002c9d6788990 code [0x000002c9d6788c20, 0x000002c9d67897a8]
Event: 370.104 Thread 0x000002c9e7ec9800 nmethod 1296 0x000002c9ddac2590 code [0x000002c9ddac2720, 0x000002c9ddac2b48]

GC Heap History (2 events):
Event: 298.643 GC heap before
{Heap before GC invocations=0 (full 0):
 garbage-first heap   total 65536K, used 29696K [0x00000000fc000000, 0x0000000100000000)
  region size 1024K, 24 young (24576K), 0 survivors (0K)
 Metaspace       used 10461K, capacity 10657K, committed 11008K, reserved 1058816K
  class space    used 1073K, capacity 1167K, committed 1280K, reserved 1048576K
}
Event: 300.649 GC heap after
{Heap after GC invocations=1 (full 0):
 garbage-first heap   total 65536K, used 9480K [0x00000000fc000000, 0x0000000100000000)
  region size 1024K, 3 young (3072K), 3 survivors (3072K)
 Metaspace       used 10461K, capacity 10657K, committed 11008K, reserved 1058816K
  class space    used 1073K, capacity 1167K, committed 1280K, reserved 1048576K
}

Deoptimization events (10 events):
Event: 295.042 Thread 0x000002c9ce8bf000 Uncommon trap: reason=class_check action=maybe_recompile pc=0x000002c9dda6ce7c method=java.util.regex.Matcher.match(II)Z @ 121 c2
Event: 295.049 Thread 0x000002c9ce8bf000 Uncommon trap: reason=unstable_if action=reinterpret pc=0x000002c9dda8c6fc method=java.util.HashMap.hash(Ljava/lang/Object;)I @ 1 c2
Event: 323.193 Thread 0x000002c9ce8bf000 Uncommon trap: reason=unstable_if action=reinterpret pc=0x000002c9ddaafe08 method=java.util.HashMap.getNode(ILjava/lang/Object;)Ljava/util/HashMap$Node; @ 129 c2
Event: 335.613 Thread 0x000002c9ce8bf000 Uncommon trap: reason=unstable_if action=reinterpret pc=0x000002c9dda96024 method=java.io.WinNTFileSystem.normalize(Ljava/lang/String;)Ljava/lang/String; @ 128 c2
Event: 364.266 Thread 0x000002c9ce8bf000 Uncommon trap: reason=unstable_if action=reinterpret pc=0x000002c9dda82490 method=java.lang.AbstractStringBuilder.append(Ljava/lang/String;)Ljava/lang/AbstractStringBuilder; @ 1 c2
Event: 364.267 Thread 0x000002c9ce8bf000 Uncommon trap: reason=unstable_if action=reinterpret pc=0x000002c9dda8f964 method=java.lang.AbstractStringBuilder.append(Ljava/lang/String;)Ljava/lang/AbstractStringBuilder; @ 1 c2
Event: 368.815 Thread 0x000002c9ce8bf000 Uncommon trap: reason=bimorphic_or_optimized_type_check action=maybe_recompile pc=0x000002c9dda85030 method=java.util.HashMap.getNode(ILjava/lang/Object;)Ljava/util/HashMap$Node; @ 126 c2
Event: 368.815 Thread 0x000002c9ce8bf000 Uncommon trap: reason=bimorphic_or_optimized_type_check action=maybe_recompile pc=0x000002c9dda85030 method=java.util.HashMap.getNode(ILjava/lang/Object;)Ljava/util/HashMap$Node; @ 126 c2
Event: 369.626 Thread 0x000002c9ce8bf000 Uncommon trap: reason=bimorphic_or_optimized_type_check action=maybe_recompile pc=0x000002c9dda85030 method=java.util.HashMap.getNode(ILjava/lang/Object;)Ljava/util/HashMap$Node; @ 126 c2
Event: 370.102 Thread 0x000002c9ce8bf000 Uncommon trap: reason=unstable_if action=reinterpret pc=0x000002c9ddaac468 method=java.util.concurrent.ConcurrentHashMap.putVal(Ljava/lang/Object;Ljava/lang/Object;Z)Ljava/lang/Object; @ 256 c2

Classes redefined (0 events):
No events

Internal exceptions (10 events):
Event: 301.465 Thread 0x000002c9ce8bf000 Exception <a 'java/lang/NoSuchMethodError'{0x00000000fffbba50}: java.lang.invoke.DirectMethodHandle$Holder.invokeVirtual(Ljava/lang/Object;Ljava/lang/Object;Ljava/lang/Object;Ljava/lang/Object;Ljava/lang/Object;Ljava/lang/Object;Ljava/lang/Object;)Ljava/l
Event: 301.468 Thread 0x000002c9ce8bf000 Exception <a 'java/lang/NoSuchMethodError'{0x00000000fffcfc48}: java.lang.invoke.Invokers$Holder.invoker(Ljava/lang/Object;Ljava/lang/Object;Ljava/lang/Object;)Ljava/lang/Object;> (0x00000000fffcfc48) thrown at [./open/src/hotspot/share/interpreter/linkRe
Event: 301.471 Thread 0x000002c9ce8bf000 Exception <a 'java/lang/NoSuchMethodError'{0x00000000fffe0858}: java.lang.invoke.DelegatingMethodHandle$Holder.delegate(Ljava/lang/Object;Ljava/lang/Object;ILjava/lang/Object;)V> (0x00000000fffe0858) thrown at [./open/src/hotspot/share/interpreter/linkRes
Event: 307.862 Thread 0x000002c9ce8bf000 Exception <a 'java/lang/NoSuchMethodError'{0x00000000ff9d1c10}: java.lang.invoke.DirectMethodHandle$Holder.invokeInterface(Ljava/lang/Object;Ljava/lang/Object;Ljava/lang/Object;)Ljava/lang/Object;> (0x00000000ff9d1c10) thrown at [./open/src/hotspot/share/
Event: 310.482 Thread 0x000002c9ce8bf000 Exception <a 'java/lang/NoSuchMethodError'{0x00000000ff6617b8}: java.lang.invoke.DirectMethodHandle$Holder.invokeStaticInit(Ljava/lang/Object;Ljava/lang/Object;Ljava/lang/Object;)Ljava/lang/Object;> (0x00000000ff6617b8) thrown at [./open/src/hotspot/share
Event: 324.039 Thread 0x000002c9ce8bf000 Exception <a 'java/lang/NoSuchMethodError'{0x00000000ff1453a0}: java.lang.invoke.DirectMethodHandle$Holder.invokeStaticInit(Ljava/lang/Object;IIII)Ljava/lang/Object;> (0x00000000ff1453a0) thrown at [./open/src/hotspot/share/interpreter/linkResolver.cpp, l
Event: 351.256 Thread 0x000002c9ce8bf000 Exception <a 'java/lang/NoSuchMethodError'{0x00000000ff1ba8c0}: java.lang.invoke.DirectMethodHandle$Holder.invokeStaticInit(Ljava/lang/Object;Ljava/lang/Object;IIII)Ljava/lang/Object;> (0x00000000ff1ba8c0) thrown at [./open/src/hotspot/share/interpreter/l
Event: 364.266 Thread 0x000002c9ce8bf000 Implicit null exception at 0x000002c9dda81f74 to 0x000002c9dda82478
Event: 364.267 Thread 0x000002c9ce8bf000 Implicit null exception at 0x000002c9dda8f474 to 0x000002c9dda8f94c
Event: 364.913 Thread 0x000002c9ce8bf000 Exception <a 'java/net/ConnectException'{0x00000000ff0c9c40}: Connection refused: no further information> (0x00000000ff0c9c40) thrown at [./open/src/hotspot/share/prims/jni.cpp, line 632]

Events (10 events):
Event: 370.102 Thread 0x000002c9ce8bf000 Uncommon trap: trap_request=0xffffff4d fr.pc=0x000002c9ddaac468 relative=0x00000000000010c8
Event: 370.102 Thread 0x000002c9ce8bf000 DEOPT PACKING pc=0x000002c9ddaac468 sp=0x000000cb4e7fc4a0
Event: 370.102 Thread 0x000002c9ce8bf000 DEOPT UNPACKING pc=0x000002c9d5fa662f sp=0x000000cb4e7fc428 mode 2
Event: 370.102 loading class sun/util/spi/CalendarProvider
Event: 370.102 loading class sun/util/spi/CalendarProvider done
Event: 370.103 loading class sun/util/locale/provider/CalendarProviderImpl
Event: 370.103 loading class sun/util/locale/provider/CalendarProviderImpl done
Event: 370.103 loading class java/util/Calendar$Builder
Event: 370.103 loading class java/util/Calendar$Builder done
Event: 370.104 loading class java/util/GregorianCalendar


Dynamic libraries:
0x00007ff743950000 - 0x00007ff743960000 	C:\Program Files\Java\jdk-11\bin\java.exe
0x00007ff8a1a70000 - 0x00007ff8a1c87000 	C:\WINDOWS\SYSTEM32\ntdll.dll
0x00007ff89fae0000 - 0x00007ff89fba4000 	C:\WINDOWS\System32\KERNEL32.DLL
0x00007ff89f330000 - 0x00007ff89f6d7000 	C:\WINDOWS\System32\KERNELBASE.dll
0x00007ff89f0f0000 - 0x00007ff89f201000 	C:\WINDOWS\System32\ucrtbase.dll
0x00007ff88b520000 - 0x00007ff88b538000 	C:\Program Files\Java\jdk-11\bin\jli.dll
0x00007ff88b3f0000 - 0x00007ff88b40b000 	C:\Program Files\Java\jdk-11\bin\VCRUNTIME140.dll
0x00007ff89fa20000 - 0x00007ff89fad2000 	C:\WINDOWS\System32\ADVAPI32.dll
0x00007ff8a1320000 - 0x00007ff8a13c7000 	C:\WINDOWS\System32\msvcrt.dll
0x00007ff8a0890000 - 0x00007ff8a0938000 	C:\WINDOWS\System32\sechost.dll
0x00007ff89f0c0000 - 0x00007ff89f0e8000 	C:\WINDOWS\System32\bcrypt.dll
0x00007ff8a0700000 - 0x00007ff8a0815000 	C:\WINDOWS\System32\RPCRT4.dll
0x00007ff89f870000 - 0x00007ff89fa1e000 	C:\WINDOWS\System32\USER32.dll
0x00007ff89f020000 - 0x00007ff89f046000 	C:\WINDOWS\System32\win32u.dll
0x00007ff89fbb0000 - 0x00007ff89fbd9000 	C:\WINDOWS\System32\GDI32.dll
0x00007ff89ef00000 - 0x00007ff89f019000 	C:\WINDOWS\System32\gdi32full.dll
0x00007ff873450000 - 0x00007ff8736e3000 	C:\WINDOWS\WinSxS\amd64_microsoft.windows.common-controls_6595b64144ccf1df_6.0.22621.3527_none_270e469b73872a76\COMCTL32.dll
0x00007ff89f290000 - 0x00007ff89f32a000 	C:\WINDOWS\System32\msvcp_win.dll
0x00007ff88ff80000 - 0x00007ff88ff8a000 	C:\WINDOWS\SYSTEM32\VERSION.dll
0x00007ff8a06c0000 - 0x00007ff8a06f1000 	C:\WINDOWS\System32\IMM32.DLL
0x00007ff88b5e0000 - 0x00007ff88b5ec000 	C:\Program Files\Java\jdk-11\bin\vcruntime140_1.dll
0x00007ff887c00000 - 0x00007ff887c8e000 	C:\Program Files\Java\jdk-11\bin\msvcp140.dll
0x00007ff849340000 - 0x00007ff849ea8000 	C:\Program Files\Java\jdk-11\bin\server\jvm.dll
0x00007ff8a19a0000 - 0x00007ff8a19a8000 	C:\WINDOWS\System32\PSAPI.DLL
0x00007ff896100000 - 0x00007ff896134000 	C:\WINDOWS\SYSTEM32\WINMM.dll
0x00007ff88b5d0000 - 0x00007ff88b5d9000 	C:\WINDOWS\SYSTEM32\WSOCK32.dll
0x00007ff8a19b0000 - 0x00007ff8a1a21000 	C:\WINDOWS\System32\WS2_32.dll
0x00007ff89dd70000 - 0x00007ff89dd88000 	C:\WINDOWS\SYSTEM32\kernel.appcore.dll
0x00007ff88b5a0000 - 0x00007ff88b5b0000 	C:\Program Files\Java\jdk-11\bin\verify.dll
0x00007ff899d60000 - 0x00007ff899f92000 	C:\WINDOWS\SYSTEM32\DBGHELP.DLL
0x00007ff8a1610000 - 0x00007ff8a1998000 	C:\WINDOWS\System32\combase.dll
0x00007ff8a1510000 - 0x00007ff8a15e7000 	C:\WINDOWS\System32\OLEAUT32.dll
0x00007ff881210000 - 0x00007ff881242000 	C:\WINDOWS\SYSTEM32\dbgcore.DLL
0x00007ff89f210000 - 0x00007ff89f289000 	C:\WINDOWS\System32\bcryptPrimitives.dll
0x00007ff88b4a0000 - 0x00007ff88b4c8000 	C:\Program Files\Java\jdk-11\bin\java.dll
0x00007ff88b550000 - 0x00007ff88b55a000 	C:\Program Files\Java\jdk-11\bin\jimage.dll
0x00007ff8889a0000 - 0x00007ff8889b7000 	C:\Program Files\Java\jdk-11\bin\zip.dll
0x00007ff8a0940000 - 0x00007ff8a119c000 	C:\WINDOWS\System32\SHELL32.dll
0x00007ff89cc50000 - 0x00007ff89d546000 	C:\WINDOWS\SYSTEM32\windows.storage.dll
0x00007ff89cb10000 - 0x00007ff89cc4e000 	C:\WINDOWS\SYSTEM32\wintypes.dll
0x00007ff8a1220000 - 0x00007ff8a1315000 	C:\WINDOWS\System32\SHCORE.dll
0x00007ff89fdb0000 - 0x00007ff89fe0e000 	C:\WINDOWS\System32\shlwapi.dll
0x00007ff89ecc0000 - 0x00007ff89ece1000 	C:\WINDOWS\SYSTEM32\profapi.dll
0x00007ff888900000 - 0x00007ff888919000 	C:\Program Files\Java\jdk-11\bin\net.dll
0x00007ff897030000 - 0x00007ff897166000 	C:\WINDOWS\SYSTEM32\WINHTTP.dll
0x00007ff89e1d0000 - 0x00007ff89e239000 	C:\WINDOWS\system32\mswsock.dll
0x00007ff8888e0000 - 0x00007ff8888f2000 	C:\Program Files\Java\jdk-11\bin\nio.dll
0x00007ff899b70000 - 0x00007ff899b97000 	C:\Users\gabri\.gradle\native\e1d6ef7f7dcc3fd88c89a11ec53ec762bb8ba0a96d01ffa2cd45eb1d1d8dd5c5\windows-amd64\native-platform.dll
0x00007ff899b40000 - 0x00007ff899b49000 	C:\Program Files\Java\jdk-11\bin\management.dll
0x00007ff898420000 - 0x00007ff89842b000 	C:\Program Files\Java\jdk-11\bin\management_ext.dll
0x00007ff89e470000 - 0x00007ff89e48b000 	C:\WINDOWS\SYSTEM32\CRYPTSP.dll
0x00007ff89dcd0000 - 0x00007ff89dd05000 	C:\WINDOWS\system32\rsaenh.dll
0x00007ff89e270000 - 0x00007ff89e298000 	C:\WINDOWS\SYSTEM32\USERENV.dll
0x00007ff89e3d0000 - 0x00007ff89e3dc000 	C:\WINDOWS\SYSTEM32\CRYPTBASE.dll
0x00007ff89d7f0000 - 0x00007ff89d81d000 	C:\WINDOWS\SYSTEM32\IPHLPAPI.DLL
0x00007ff8a06b0000 - 0x00007ff8a06b9000 	C:\WINDOWS\System32\NSI.dll
0x00007ff8973c0000 - 0x00007ff8973d9000 	C:\WINDOWS\SYSTEM32\dhcpcsvc6.DLL
0x00007ff896f00000 - 0x00007ff896f1f000 	C:\WINDOWS\SYSTEM32\dhcpcsvc.DLL
0x00007ff89d820000 - 0x00007ff89d918000 	C:\WINDOWS\SYSTEM32\DNSAPI.dll

dbghelp: loaded successfully - version: 4.0.5 - missing functions: none
symbol engine: initialized successfully - sym options: 0x614 - pdb path: .;C:\Program Files\Java\jdk-11\bin;C:\WINDOWS\SYSTEM32;C:\WINDOWS\WinSxS\amd64_microsoft.windows.common-controls_6595b64144ccf1df_6.0.22621.3527_none_270e469b73872a76;C:\Program Files\Java\jdk-11\bin\server;C:\Users\gabri\.gradle\native\e1d6ef7f7dcc3fd88c89a11ec53ec762bb8ba0a96d01ffa2cd45eb1d1d8dd5c5\windows-amd64

VM Arguments:
jvm_args: -Xmx64m -Xms64m -Dorg.gradle.appname=gradlew 
java_command: org.gradle.wrapper.GradleWrapperMain tasks
java_class_path (initial): C:\Users\gabri\OneDrive\Documents\Visual Studio Code Projects\EncorEd\encoredmobile\android\\gradle\wrapper\gradle-wrapper.jar
Launcher Type: SUN_STANDARD

[Global flags]
     intx CICompilerCount                          = 4                                         {product} {ergonomic}
     uint ConcGCThreads                            = 2                                         {product} {ergonomic}
     uint G1ConcRefinementThreads                  = 8                                         {product} {ergonomic}
   size_t G1HeapRegionSize                         = 1048576                                   {product} {ergonomic}
    uintx GCDrainStackTargetSize                   = 64                                        {product} {ergonomic}
   size_t InitialHeapSize                          = 67108864                                  {product} {command line}
   size_t MarkStackSize                            = 4194304                                   {product} {ergonomic}
   size_t MaxHeapSize                              = 67108864                                  {product} {command line}
   size_t MaxNewSize                               = 39845888                                  {product} {ergonomic}
   size_t MinHeapDeltaBytes                        = 1048576                                   {product} {ergonomic}
    uintx NonNMethodCodeHeapSize                   = 5836300                                {pd product} {ergonomic}
    uintx NonProfiledCodeHeapSize                  = 122910970                              {pd product} {ergonomic}
    uintx ProfiledCodeHeapSize                     = 122910970                              {pd product} {ergonomic}
    uintx ReservedCodeCacheSize                    = 251658240                              {pd product} {ergonomic}
     bool SegmentedCodeCache                       = true                                      {product} {ergonomic}
     bool UseCompressedClassPointers               = true                                 {lp64_product} {ergonomic}
     bool UseCompressedOops                        = true                                 {lp64_product} {ergonomic}
     bool UseG1GC                                  = true                                      {product} {ergonomic}
     bool UseLargePagesIndividualAllocation        = false                                  {pd product} {ergonomic}

Logging:
Log output configuration:
 #0: stdout all=warning uptime,level,tags
 #1: stderr all=off uptime,level,tags

Environment Variables:
JAVA_HOME=C:\Program Files\Java\jdk-11\
CLASSPATH=C:\Users\gabri\OneDrive\Documents\Visual Studio Code Projects\EncorEd\encoredmobile\android\\gradle\wrapper\gradle-wrapper.jar
PATH=C:\Users\gabri\OneDrive\Documents\Visual Studio Code Projects\EncorEd\encoredmobile\node_modules\.bin;C:\Users\gabri\OneDrive\Documents\Visual Studio Code Projects\EncorEd\encoredmobile\node_modules\.bin;C:\Users\gabri\OneDrive\Documents\Visual Studio Code Projects\EncorEd\node_modules\.bin;C:\Users\gabri\OneDrive\Documents\Visual Studio Code Projects\node_modules\.bin;C:\Users\gabri\OneDrive\Documents\node_modules\.bin;C:\Users\gabri\OneDrive\node_modules\.bin;C:\Users\gabri\node_modules\.bin;C:\Users\node_modules\.bin;C:\node_modules\.bin;C:\Program Files\nodejs\node_modules\npm\node_modules\@npmcli\run-script\lib\node-gyp-bin;C:\Users\gabri\AppData\Local\Temp\yarn--1716767081027-0.9053153801477622;C:\Users\gabri\OneDrive\Documents\Visual Studio Code Projects\EncorEd\encoredmobile\node_modules\.bin;C:\Users\gabri\AppData\Local\Yarn\Data\link\node_modules\.bin;C:\Users\gabri\AppData\Local\Yarn\bin;C:\Program Files\libexec\lib\node_modules\npm\bin\node-gyp-bin;C:\Program Files\lib\node_modules\npm\bin\node-gyp-bin;C:\Program Files\nodejs\node_modules\npm\bin\node-gyp-bin;C:\Program Files\Java\jdk-11\bin;C:\Program Files\Common Files\Oracle\Java\javapath;C:\Program Files (x86)\Intel\Intel(R) Management Engine Components\iCLS\;C:\Program Files\Intel\Intel(R) Management Engine Components\iCLS\;C:\WINDOWS\system32;C:\WINDOWS;C:\WINDOWS\System32\Wbem;C:\WINDOWS\System32\WindowsPowerShell\v1.0\;C:\WINDOWS\System32\OpenSSH\;C:\Program Files\Git\cmd;C:\ProgramData\chocolatey\bin;C:\Program Files\Microsoft SQL Server\150\Tools\Binn\;C:\Program Files\Microsoft SQL Server\Client SDK\ODBC\170\Tools\Binn\;C:\Program Files\dotnet\;C:\Program Files (x86)\Microsoft SQL Server\160\Tools\Binn\;C:\Program Files\Microsoft SQL Server\160\Tools\Binn\;C:\Program Files\Microsoft SQL Server\160\DTS\Binn\;C:\Program Files (x86)\Microsoft SQL Server\160\DTS\Binn\;C:\Program Files\Azure Data Studio\bin;C:\Program Files\Docker\Docker\resources\bin;C:\Users\gabri\AppData\Local\Programs\Python\
USERNAME=gabri
OS=Windows_NT
PROCESSOR_IDENTIFIER=Intel64 Family 6 Model 142 Stepping 11, GenuineIntel



---------------  S Y S T E M  ---------------

OS: Windows 11 , 64 bit Build 22621 (10.0.22621.3527)
Hyper-V role detected

CPU:total 8 (initial active 8) (4 cores per cpu, 2 threads per core) family 6 model 142 stepping 11 microcode 0xf4, cmov, cx8, fxsr, mmx, sse, sse2, sse3, ssse3, sse4.1, sse4.2, popcnt, avx, avx2, aes, clmul, erms, 3dnowpref, lzcnt, ht, tsc, tscinvbit, bmi1, bmi2, adx, fma

Memory: 4k page, system-wide physical 16259M (1792M free)
TotalPageFile size 40564M (AvailPageFile size 2034M)
current process WorkingSet (physical memory assigned to process): 72M, peak: 72M
current process commit charge ("private bytes"): 158M, peak: 159M

vm_info: Java HotSpot(TM) 64-Bit Server VM (11.0.18+9-LTS-195) for windows-amd64 JRE (11.0.18+9-LTS-195), built on Dec  6 2022 15:50:58 by "mach5one" with MS VC++ 17.1 (VS2022)

END.
