#
# There is insufficient memory for the Java Runtime Environment to continue.
# Native memory allocation (malloc) failed to allocate 32744 bytes for ChunkPool::allocate
# Possible reasons:
#   The system is out of physical RAM or swap space
#   The process is running with CompressedOops enabled, and the Java Heap may be blocking the growth of the native heap
# Possible solutions:
#   Reduce memory load on the system
#   Increase physical memory or swap space
#   Check if swap backing store is full
#   Decrease Java heap size (-Xmx/-Xms)
#   Decrease number of Java threads
#   Decrease Java thread stack sizes (-Xss)
#   Set larger code cache with -XX:ReservedCodeCacheSize=
#   JVM is running with Unscaled Compressed Oops mode in which the Java heap is
#     placed in the first 4GB address space. The Java Heap base address is the
#     maximum limit for the native heap growth. Please use -XX:HeapBaseMinAddress
#     to set the Java Heap base and to place the Java Heap above 4GB virtual address.
# This output file may be truncated or incomplete.
#
#  Out of Memory Error (./open/src/hotspot/share/memory/arena.cpp:81), pid=15492, tid=27744
#
# JRE version: Java(TM) SE Runtime Environment 18.9 (11.0.18+9) (build 11.0.18+9-LTS-195)
# Java VM: Java HotSpot(TM) 64-Bit Server VM 18.9 (11.0.18+9-LTS-195, mixed mode, tiered, compressed oops, g1 gc, windows-amd64)
# No core dump will be written. Minidumps are not enabled by default on client versions of Windows
#

---------------  S U M M A R Y ------------

Command Line: -Xmx64m -Xms64m -Dorg.gradle.appname=gradlew org.gradle.wrapper.GradleWrapperMain tasks

Host: Intel(R) Core(TM) i5-8265U CPU @ 1.60GHz, 8 cores, 15G,  Windows 11 , 64 bit Build 22621 (10.0.22621.3527)
Time: Mon May 27 08:44:06 2024 Malay Peninsula Standard Time elapsed time: 301.351592 seconds (0d 0h 5m 1s)

---------------  T H R E A D  ---------------

Current thread (0x0000026f74c8a000):  JavaThread "C1 CompilerThread0" daemon [_thread_in_native, id=27744, stack(0x000000ae1c000000,0x000000ae1c100000)]


Current CompileTask:
C1: 301351 1348       3       sun.util.locale.LocaleUtils::toLowerString (95 bytes)

Stack: [0x000000ae1c000000,0x000000ae1c100000]
Native frames: (J=compiled Java code, j=interpreted, Vv=VM code, C=native code)
V  [jvm.dll+0x65d8aa]
V  [jvm.dll+0x79fc1f]
V  [jvm.dll+0x7a12e9]
V  [jvm.dll+0x7a1983]
V  [jvm.dll+0x2585b5]
V  [jvm.dll+0xb2abf]
V  [jvm.dll+0xb2e0c]
V  [jvm.dll+0x171cdc]
V  [jvm.dll+0x171ed0]
V  [jvm.dll+0x16f5ae]
V  [jvm.dll+0x16f91a]
V  [jvm.dll+0x1727c4]
V  [jvm.dll+0x12a465]
V  [jvm.dll+0x129d3f]
V  [jvm.dll+0x129f72]
V  [jvm.dll+0x1292c9]
V  [jvm.dll+0x12b118]
V  [jvm.dll+0x220609]
V  [jvm.dll+0x21e92c]
V  [jvm.dll+0x763f61]
V  [jvm.dll+0x75c924]
V  [jvm.dll+0x65c755]
C  [ucrtbase.dll+0x29333]
C  [KERNEL32.DLL+0x1257d]
C  [ntdll.dll+0x5aa48]


---------------  P R O C E S S  ---------------

Threads class SMR info:
_java_thread_list=0x0000026f76445c60, length=13, elements={
0x0000026f5b66e000, 0x0000026f74c43000, 0x0000026f74c66800, 0x0000026f74c82000,
0x0000026f74c83000, 0x0000026f74c84800, 0x0000026f74c88800, 0x0000026f74c8a000,
0x0000026f74c8b000, 0x0000026f7578e800, 0x0000026f75cae800, 0x0000026f7565f000,
0x0000026f76916800
}

Java Threads: ( => current thread )
  0x0000026f5b66e000 JavaThread "main" [_thread_blocked, id=22996, stack(0x000000ae1b300000,0x000000ae1b400000)]
  0x0000026f74c43000 JavaThread "Reference Handler" daemon [_thread_blocked, id=24008, stack(0x000000ae1ba00000,0x000000ae1bb00000)]
  0x0000026f74c66800 JavaThread "Finalizer" daemon [_thread_blocked, id=26872, stack(0x000000ae1bb00000,0x000000ae1bc00000)]
  0x0000026f74c82000 JavaThread "Signal Dispatcher" daemon [_thread_blocked, id=26080, stack(0x000000ae1bc00000,0x000000ae1bd00000)]
  0x0000026f74c83000 JavaThread "Attach Listener" daemon [_thread_blocked, id=21624, stack(0x000000ae1bd00000,0x000000ae1be00000)]
  0x0000026f74c84800 JavaThread "Service Thread" daemon [_thread_blocked, id=30264, stack(0x000000ae1be00000,0x000000ae1bf00000)]
  0x0000026f74c88800 JavaThread "C2 CompilerThread0" daemon [_thread_blocked, id=31988, stack(0x000000ae1bf00000,0x000000ae1c000000)]
=>0x0000026f74c8a000 JavaThread "C1 CompilerThread0" daemon [_thread_in_native, id=27744, stack(0x000000ae1c000000,0x000000ae1c100000)]
  0x0000026f74c8b000 JavaThread "Sweeper thread" daemon [_thread_blocked, id=26884, stack(0x000000ae1c100000,0x000000ae1c200000)]
  0x0000026f7578e800 JavaThread "Common-Cleaner" daemon [_thread_blocked, id=8824, stack(0x000000ae1c300000,0x000000ae1c400000)]
  0x0000026f75cae800 JavaThread "pool-1-thread-1" [_thread_blocked, id=7856, stack(0x000000ae1b100000,0x000000ae1b200000)]
  0x0000026f7565f000 JavaThread "Exec process" [_thread_in_native, id=40888, stack(0x000000ae1b200000,0x000000ae1b300000)]
  0x0000026f76916800 JavaThread "Exec process Thread 2" [_thread_blocked, id=40120, stack(0x000000ae1c800000,0x000000ae1c900000)]

Other Threads:
  0x0000026f74c40000 VMThread "VM Thread" [stack: 0x000000ae1b900000,0x000000ae1ba00000] [id=18500]
  0x0000026f7578d800 WatcherThread [stack: 0x000000ae1c200000,0x000000ae1c300000] [id=25272]
  0x0000026f5b684800 GCTaskThread "GC Thread#0" [stack: 0x000000ae1b400000,0x000000ae1b500000] [id=27412]
  0x0000026f76048000 GCTaskThread "GC Thread#1" [stack: 0x000000ae1b000000,0x000000ae1b100000] [id=33072]
  0x0000026f5b68c000 ConcurrentGCThread "G1 Main Marker" [stack: 0x000000ae1b500000,0x000000ae1b600000] [id=29408]
  0x0000026f5b68e000 ConcurrentGCThread "G1 Conc#0" [stack: 0x000000ae1b600000,0x000000ae1b700000] [id=6744]
  0x0000026f5b6f7800 ConcurrentGCThread "G1 Refine#0" [stack: 0x000000ae1b700000,0x000000ae1b800000] [id=30176]
  0x0000026f5b6f8800 ConcurrentGCThread "G1 Young RemSet Sampling" [stack: 0x000000ae1b800000,0x000000ae1b900000] [id=11784]

Threads with active compile tasks:
C1 CompilerThread0   305042 1348       3       sun.util.locale.LocaleUtils::toLowerString (95 bytes)

VM state:not at safepoint (normal execution)

VM Mutex/Monitor currently owned by a thread: None

Heap address: 0x00000000fc000000, size: 64 MB, Compressed Oops mode: 32-bit
Narrow klass base: 0x0000000000000000, Narrow klass shift: 3
Compressed class space size: 1073741824 Address: 0x0000000100000000

Heap:
 garbage-first heap   total 65536K, used 34059K [0x00000000fc000000, 0x0000000100000000)
  region size 1024K, 28 young (28672K), 3 survivors (3072K)
 Metaspace       used 15907K, capacity 16222K, committed 16384K, reserved 1062912K
  class space    used 1803K, capacity 1927K, committed 2048K, reserved 1048576K
Heap Regions: E=young(eden), S=young(survivor), O=old, HS=humongous(starts), HC=humongous(continues), CS=collection set, F=free, A=archive, TAMS=top-at-mark-start (previous, next)
|   0|0x00000000fc000000, 0x00000000fc000000, 0x00000000fc100000|  0%| F|  |TAMS 0x00000000fc000000, 0x00000000fc000000| Untracked 
|   1|0x00000000fc100000, 0x00000000fc100000, 0x00000000fc200000|  0%| F|  |TAMS 0x00000000fc100000, 0x00000000fc100000| Untracked 
|   2|0x00000000fc200000, 0x00000000fc200000, 0x00000000fc300000|  0%| F|  |TAMS 0x00000000fc200000, 0x00000000fc200000| Untracked 
|   3|0x00000000fc300000, 0x00000000fc400000, 0x00000000fc400000|100%|HS|  |TAMS 0x00000000fc300000, 0x00000000fc300000| Complete 
|   4|0x00000000fc400000, 0x00000000fc500000, 0x00000000fc500000|100%|HC|  |TAMS 0x00000000fc400000, 0x00000000fc400000| Complete 
|   5|0x00000000fc500000, 0x00000000fc600000, 0x00000000fc600000|100%|HC|  |TAMS 0x00000000fc500000, 0x00000000fc500000| Complete 
|   6|0x00000000fc600000, 0x00000000fc700000, 0x00000000fc700000|100%| O|  |TAMS 0x00000000fc600000, 0x00000000fc600000| Untracked 
|   7|0x00000000fc700000, 0x00000000fc800000, 0x00000000fc800000|100%| O|  |TAMS 0x00000000fc700000, 0x00000000fc700000| Untracked 
|   8|0x00000000fc800000, 0x00000000fc900000, 0x00000000fc900000|100%| O|  |TAMS 0x00000000fc800000, 0x00000000fc800000| Untracked 
|   9|0x00000000fc900000, 0x00000000fc942e00, 0x00000000fca00000| 26%| O|  |TAMS 0x00000000fc900000, 0x00000000fc900000| Untracked 
|  10|0x00000000fca00000, 0x00000000fca00000, 0x00000000fcb00000|  0%| F|  |TAMS 0x00000000fca00000, 0x00000000fca00000| Untracked 
|  11|0x00000000fcb00000, 0x00000000fcb00000, 0x00000000fcc00000|  0%| F|  |TAMS 0x00000000fcb00000, 0x00000000fcb00000| Untracked 
|  12|0x00000000fcc00000, 0x00000000fcc00000, 0x00000000fcd00000|  0%| F|  |TAMS 0x00000000fcc00000, 0x00000000fcc00000| Untracked 
|  13|0x00000000fcd00000, 0x00000000fcd00000, 0x00000000fce00000|  0%| F|  |TAMS 0x00000000fcd00000, 0x00000000fcd00000| Untracked 
|  14|0x00000000fce00000, 0x00000000fce00000, 0x00000000fcf00000|  0%| F|  |TAMS 0x00000000fce00000, 0x00000000fce00000| Untracked 
|  15|0x00000000fcf00000, 0x00000000fcf00000, 0x00000000fd000000|  0%| F|  |TAMS 0x00000000fcf00000, 0x00000000fcf00000| Untracked 
|  16|0x00000000fd000000, 0x00000000fd000000, 0x00000000fd100000|  0%| F|  |TAMS 0x00000000fd000000, 0x00000000fd000000| Untracked 
|  17|0x00000000fd100000, 0x00000000fd100000, 0x00000000fd200000|  0%| F|  |TAMS 0x00000000fd100000, 0x00000000fd100000| Untracked 
|  18|0x00000000fd200000, 0x00000000fd200000, 0x00000000fd300000|  0%| F|  |TAMS 0x00000000fd200000, 0x00000000fd200000| Untracked 
|  19|0x00000000fd300000, 0x00000000fd300000, 0x00000000fd400000|  0%| F|  |TAMS 0x00000000fd300000, 0x00000000fd300000| Untracked 
|  20|0x00000000fd400000, 0x00000000fd400000, 0x00000000fd500000|  0%| F|  |TAMS 0x00000000fd400000, 0x00000000fd400000| Untracked 
|  21|0x00000000fd500000, 0x00000000fd500000, 0x00000000fd600000|  0%| F|  |TAMS 0x00000000fd500000, 0x00000000fd500000| Untracked 
|  22|0x00000000fd600000, 0x00000000fd600000, 0x00000000fd700000|  0%| F|  |TAMS 0x00000000fd600000, 0x00000000fd600000| Untracked 
|  23|0x00000000fd700000, 0x00000000fd700000, 0x00000000fd800000|  0%| F|  |TAMS 0x00000000fd700000, 0x00000000fd700000| Untracked 
|  24|0x00000000fd800000, 0x00000000fd800000, 0x00000000fd900000|  0%| F|  |TAMS 0x00000000fd800000, 0x00000000fd800000| Untracked 
|  25|0x00000000fd900000, 0x00000000fd900000, 0x00000000fda00000|  0%| F|  |TAMS 0x00000000fd900000, 0x00000000fd900000| Untracked 
|  26|0x00000000fda00000, 0x00000000fda00000, 0x00000000fdb00000|  0%| F|  |TAMS 0x00000000fda00000, 0x00000000fda00000| Untracked 
|  27|0x00000000fdb00000, 0x00000000fdb00000, 0x00000000fdc00000|  0%| F|  |TAMS 0x00000000fdb00000, 0x00000000fdb00000| Untracked 
|  28|0x00000000fdc00000, 0x00000000fdc00000, 0x00000000fdd00000|  0%| F|  |TAMS 0x00000000fdc00000, 0x00000000fdc00000| Untracked 
|  29|0x00000000fdd00000, 0x00000000fdd00000, 0x00000000fde00000|  0%| F|  |TAMS 0x00000000fdd00000, 0x00000000fdd00000| Untracked 
|  30|0x00000000fde00000, 0x00000000fde00000, 0x00000000fdf00000|  0%| F|  |TAMS 0x00000000fde00000, 0x00000000fde00000| Untracked 
|  31|0x00000000fdf00000, 0x00000000fdf00000, 0x00000000fe000000|  0%| F|  |TAMS 0x00000000fdf00000, 0x00000000fdf00000| Untracked 
|  32|0x00000000fe000000, 0x00000000fe000000, 0x00000000fe100000|  0%| F|  |TAMS 0x00000000fe000000, 0x00000000fe000000| Untracked 
|  33|0x00000000fe100000, 0x00000000fe100000, 0x00000000fe200000|  0%| F|  |TAMS 0x00000000fe100000, 0x00000000fe100000| Untracked 
|  34|0x00000000fe200000, 0x00000000fe200000, 0x00000000fe300000|  0%| F|  |TAMS 0x00000000fe200000, 0x00000000fe200000| Untracked 
|  35|0x00000000fe300000, 0x00000000fe300000, 0x00000000fe400000|  0%| F|  |TAMS 0x00000000fe300000, 0x00000000fe300000| Untracked 
|  36|0x00000000fe400000, 0x00000000fe440818, 0x00000000fe500000| 25%| E|  |TAMS 0x00000000fe400000, 0x00000000fe400000| Complete 
|  37|0x00000000fe500000, 0x00000000fe600000, 0x00000000fe600000|100%| S|CS|TAMS 0x00000000fe500000, 0x00000000fe500000| Complete 
|  38|0x00000000fe600000, 0x00000000fe700000, 0x00000000fe700000|100%| S|CS|TAMS 0x00000000fe600000, 0x00000000fe600000| Complete 
|  39|0x00000000fe700000, 0x00000000fe800000, 0x00000000fe800000|100%| S|CS|TAMS 0x00000000fe700000, 0x00000000fe700000| Complete 
|  40|0x00000000fe800000, 0x00000000fe900000, 0x00000000fe900000|100%| E|CS|TAMS 0x00000000fe800000, 0x00000000fe800000| Complete 
|  41|0x00000000fe900000, 0x00000000fea00000, 0x00000000fea00000|100%| E|CS|TAMS 0x00000000fe900000, 0x00000000fe900000| Complete 
|  42|0x00000000fea00000, 0x00000000feb00000, 0x00000000feb00000|100%| E|CS|TAMS 0x00000000fea00000, 0x00000000fea00000| Complete 
|  43|0x00000000feb00000, 0x00000000fec00000, 0x00000000fec00000|100%| E|CS|TAMS 0x00000000feb00000, 0x00000000feb00000| Complete 
|  44|0x00000000fec00000, 0x00000000fed00000, 0x00000000fed00000|100%| E|CS|TAMS 0x00000000fec00000, 0x00000000fec00000| Complete 
|  45|0x00000000fed00000, 0x00000000fee00000, 0x00000000fee00000|100%| E|CS|TAMS 0x00000000fed00000, 0x00000000fed00000| Complete 
|  46|0x00000000fee00000, 0x00000000fef00000, 0x00000000fef00000|100%| E|CS|TAMS 0x00000000fee00000, 0x00000000fee00000| Complete 
|  47|0x00000000fef00000, 0x00000000ff000000, 0x00000000ff000000|100%| E|CS|TAMS 0x00000000fef00000, 0x00000000fef00000| Complete 
|  48|0x00000000ff000000, 0x00000000ff100000, 0x00000000ff100000|100%| E|CS|TAMS 0x00000000ff000000, 0x00000000ff000000| Complete 
|  49|0x00000000ff100000, 0x00000000ff200000, 0x00000000ff200000|100%| E|CS|TAMS 0x00000000ff100000, 0x00000000ff100000| Complete 
|  50|0x00000000ff200000, 0x00000000ff300000, 0x00000000ff300000|100%| E|CS|TAMS 0x00000000ff200000, 0x00000000ff200000| Complete 
|  51|0x00000000ff300000, 0x00000000ff400000, 0x00000000ff400000|100%| E|CS|TAMS 0x00000000ff300000, 0x00000000ff300000| Complete 
|  52|0x00000000ff400000, 0x00000000ff500000, 0x00000000ff500000|100%| E|CS|TAMS 0x00000000ff400000, 0x00000000ff400000| Complete 
|  53|0x00000000ff500000, 0x00000000ff600000, 0x00000000ff600000|100%| E|CS|TAMS 0x00000000ff500000, 0x00000000ff500000| Complete 
|  54|0x00000000ff600000, 0x00000000ff700000, 0x00000000ff700000|100%| E|CS|TAMS 0x00000000ff600000, 0x00000000ff600000| Complete 
|  55|0x00000000ff700000, 0x00000000ff800000, 0x00000000ff800000|100%| E|CS|TAMS 0x00000000ff700000, 0x00000000ff700000| Complete 
|  56|0x00000000ff800000, 0x00000000ff900000, 0x00000000ff900000|100%| E|CS|TAMS 0x00000000ff800000, 0x00000000ff800000| Complete 
|  57|0x00000000ff900000, 0x00000000ffa00000, 0x00000000ffa00000|100%| E|CS|TAMS 0x00000000ff900000, 0x00000000ff900000| Complete 
|  58|0x00000000ffa00000, 0x00000000ffb00000, 0x00000000ffb00000|100%| E|CS|TAMS 0x00000000ffa00000, 0x00000000ffa00000| Complete 
|  59|0x00000000ffb00000, 0x00000000ffc00000, 0x00000000ffc00000|100%| E|CS|TAMS 0x00000000ffb00000, 0x00000000ffb00000| Complete 
|  60|0x00000000ffc00000, 0x00000000ffd00000, 0x00000000ffd00000|100%| E|CS|TAMS 0x00000000ffc00000, 0x00000000ffc00000| Complete 
|  61|0x00000000ffd00000, 0x00000000ffe00000, 0x00000000ffe00000|100%| E|CS|TAMS 0x00000000ffd00000, 0x00000000ffd00000| Complete 
|  62|0x00000000ffe00000, 0x00000000fff00000, 0x00000000fff00000|100%| E|CS|TAMS 0x00000000ffe00000, 0x00000000ffe00000| Complete 
|  63|0x00000000fff00000, 0x0000000100000000, 0x0000000100000000|100%| E|CS|TAMS 0x00000000fff00000, 0x00000000fff00000| Complete 

Card table byte_map: [0x0000026f59600000,0x0000026f59620000] _byte_map_base: 0x0000026f58e20000

Marking Bits (Prev, Next): (CMBitMap*) 0x0000026f5b68abc8, (CMBitMap*) 0x0000026f5b68ac00
 Prev Bits: [0x0000026f72060000, 0x0000026f72160000)
 Next Bits: [0x0000026f72160000, 0x0000026f72260000)

Polling page: 0x0000026f595b0000

Metaspace:

Usage:
  Non-class:     13.96 MB capacity,    13.77 MB ( 99%) used,   167.24 KB (  1%) free+waste,    23.62 KB ( <1%) overhead. 
      Class:      1.88 MB capacity,     1.76 MB ( 94%) used,   111.11 KB (  6%) free+waste,    12.06 KB ( <1%) overhead. 
       Both:     15.84 MB capacity,    15.54 MB ( 98%) used,   278.35 KB (  2%) free+waste,    35.69 KB ( <1%) overhead. 

Virtual space:
  Non-class space:       14.00 MB reserved,      14.00 MB (100%) committed 
      Class space:        1.00 GB reserved,       2.00 MB ( <1%) committed 
             Both:        1.01 GB reserved,      16.00 MB (  2%) committed 

Chunk freelists:
   Non-Class:  5.12 KB
       Class:  0 bytes
        Both:  5.12 KB

CodeHeap 'non-profiled nmethods': size=120000Kb used=541Kb max_used=541Kb free=119458Kb
 bounds [0x0000026f6a800000, 0x0000026f6aa70000, 0x0000026f71d30000]
CodeHeap 'profiled nmethods': size=120000Kb used=2513Kb max_used=2513Kb free=117486Kb
 bounds [0x0000026f632d0000, 0x0000026f63550000, 0x0000026f6a800000]
CodeHeap 'non-nmethods': size=5760Kb used=1104Kb max_used=1120Kb free=4655Kb
 bounds [0x0000026f62d30000, 0x0000026f62fa0000, 0x0000026f632d0000]
 total_blobs=1797 nmethods=1370 adapters=339
 compilation: enabled
              stopped_count=0, restarted_count=0
 full_count=0

Compilation events (10 events):
Event: 293.919 Thread 0x0000026f74c8a000 nmethod 1338 0x0000026f6a875210 code [0x0000026f6a8753a0, 0x0000026f6a875458]
Event: 293.919 Thread 0x0000026f74c8a000 1339       1       sun.util.locale.LanguageTag::getScript (5 bytes)
Event: 293.919 Thread 0x0000026f74c8a000 nmethod 1339 0x0000026f6a875510 code [0x0000026f6a8756a0, 0x0000026f6a875758]
Event: 293.919 Thread 0x0000026f74c8a000 1340       1       sun.util.locale.LanguageTag::getRegion (5 bytes)
Event: 293.919 Thread 0x0000026f74c8a000 nmethod 1340 0x0000026f6a875810 code [0x0000026f6a8759a0, 0x0000026f6a875a58]
Event: 293.919 Thread 0x0000026f74c8a000 1341       1       sun.util.locale.LanguageTag::getPrivateuse (5 bytes)
Event: 293.919 Thread 0x0000026f74c8a000 nmethod 1341 0x0000026f6a875b10 code [0x0000026f6a875ca0, 0x0000026f6a875d58]
Event: 293.919 Thread 0x0000026f74c8a000 1343       3       sun.util.locale.StringTokenIterator::nextDelimiter (116 bytes)
Event: 293.922 Thread 0x0000026f74c8a000 nmethod 1343 0x0000026f63542710 code [0x0000026f63542a40, 0x0000026f63543e58]
Event: 293.922 Thread 0x0000026f74c8a000 1348       3       sun.util.locale.LocaleUtils::toLowerString (95 bytes)

GC Heap History (2 events):
Event: 222.617 GC heap before
{Heap before GC invocations=0 (full 0):
 garbage-first heap   total 65536K, used 29696K [0x00000000fc000000, 0x0000000100000000)
  region size 1024K, 24 young (24576K), 0 survivors (0K)
 Metaspace       used 10444K, capacity 10657K, committed 11008K, reserved 1058816K
  class space    used 1072K, capacity 1167K, committed 1280K, reserved 1048576K
}
Event: 225.787 GC heap after
{Heap after GC invocations=1 (full 0):
 garbage-first heap   total 65536K, used 9483K [0x00000000fc000000, 0x0000000100000000)
  region size 1024K, 3 young (3072K), 3 survivors (3072K)
 Metaspace       used 10444K, capacity 10657K, committed 11008K, reserved 1058816K
  class space    used 1072K, capacity 1167K, committed 1280K, reserved 1048576K
}

Deoptimization events (10 events):
Event: 218.937 Thread 0x0000026f5b66e000 Uncommon trap: reason=class_check action=maybe_recompile pc=0x0000026f6a81d5fc method=java.util.regex.Matcher.match(II)Z @ 121 c2
Event: 218.938 Thread 0x0000026f5b66e000 Uncommon trap: reason=class_check action=maybe_recompile pc=0x0000026f6a81d5fc method=java.util.regex.Matcher.match(II)Z @ 121 c2
Event: 218.938 Thread 0x0000026f5b66e000 Uncommon trap: reason=class_check action=maybe_recompile pc=0x0000026f6a81d5fc method=java.util.regex.Matcher.match(II)Z @ 121 c2
Event: 218.944 Thread 0x0000026f5b66e000 Uncommon trap: reason=unstable_if action=reinterpret pc=0x0000026f6a83e87c method=java.util.HashMap.hash(Ljava/lang/Object;)I @ 1 c2
Event: 247.173 Thread 0x0000026f5b66e000 Uncommon trap: reason=unstable_if action=reinterpret pc=0x0000026f6a85e608 method=java.util.HashMap.getNode(ILjava/lang/Object;)Ljava/util/HashMap$Node; @ 129 c2
Event: 259.480 Thread 0x0000026f5b66e000 Uncommon trap: reason=unstable_if action=reinterpret pc=0x0000026f6a84aaa4 method=java.io.WinNTFileSystem.normalize(Ljava/lang/String;)Ljava/lang/String; @ 128 c2
Event: 288.164 Thread 0x0000026f5b66e000 Uncommon trap: reason=unstable_if action=reinterpret pc=0x0000026f6a833110 method=java.lang.AbstractStringBuilder.append(Ljava/lang/String;)Ljava/lang/AbstractStringBuilder; @ 1 c2
Event: 288.165 Thread 0x0000026f5b66e000 Uncommon trap: reason=unstable_if action=reinterpret pc=0x0000026f6a841de4 method=java.lang.AbstractStringBuilder.append(Ljava/lang/String;)Ljava/lang/AbstractStringBuilder; @ 1 c2
Event: 290.607 Thread 0x0000026f5b66e000 Uncommon trap: reason=bimorphic_or_optimized_type_check action=maybe_recompile pc=0x0000026f6a836630 method=java.util.HashMap.getNode(ILjava/lang/Object;)Ljava/util/HashMap$Node; @ 126 c2
Event: 293.903 Thread 0x0000026f5b66e000 Uncommon trap: reason=unstable_if action=reinterpret pc=0x0000026f6a85cb14 method=java.util.concurrent.ConcurrentHashMap.putVal(Ljava/lang/Object;Ljava/lang/Object;Z)Ljava/lang/Object; @ 256 c2

Classes redefined (0 events):
No events

Internal exceptions (10 events):
Event: 225.873 Thread 0x0000026f5b66e000 Exception <a 'java/lang/NoSuchMethodError'{0x00000000fffc91e8}: java.lang.invoke.DirectMethodHandle$Holder.invokeVirtual(Ljava/lang/Object;Ljava/lang/Object;Ljava/lang/Object;Ljava/lang/Object;Ljava/lang/Object;Ljava/lang/Object;Ljava/lang/Object;)Ljava/l
Event: 225.876 Thread 0x0000026f5b66e000 Exception <a 'java/lang/NoSuchMethodError'{0x00000000fffdd480}: java.lang.invoke.Invokers$Holder.invoker(Ljava/lang/Object;Ljava/lang/Object;Ljava/lang/Object;)Ljava/lang/Object;> (0x00000000fffdd480) thrown at [./open/src/hotspot/share/interpreter/linkRe
Event: 225.880 Thread 0x0000026f5b66e000 Exception <a 'java/lang/NoSuchMethodError'{0x00000000fffee090}: java.lang.invoke.DelegatingMethodHandle$Holder.delegate(Ljava/lang/Object;Ljava/lang/Object;ILjava/lang/Object;)V> (0x00000000fffee090) thrown at [./open/src/hotspot/share/interpreter/linkRes
Event: 231.734 Thread 0x0000026f5b66e000 Exception <a 'java/lang/NoSuchMethodError'{0x00000000ff8054c8}: java.lang.invoke.DirectMethodHandle$Holder.invokeInterface(Ljava/lang/Object;Ljava/lang/Object;Ljava/lang/Object;)Ljava/lang/Object;> (0x00000000ff8054c8) thrown at [./open/src/hotspot/share/
Event: 234.726 Thread 0x0000026f5b66e000 Exception <a 'java/lang/NoSuchMethodError'{0x00000000ff6a3ae8}: java.lang.invoke.DirectMethodHandle$Holder.invokeStaticInit(Ljava/lang/Object;Ljava/lang/Object;Ljava/lang/Object;)Ljava/lang/Object;> (0x00000000ff6a3ae8) thrown at [./open/src/hotspot/share
Event: 248.227 Thread 0x0000026f5b66e000 Exception <a 'java/lang/NoSuchMethodError'{0x00000000ff198738}: java.lang.invoke.DirectMethodHandle$Holder.invokeStaticInit(Ljava/lang/Object;IIII)Ljava/lang/Object;> (0x00000000ff198738) thrown at [./open/src/hotspot/share/interpreter/linkResolver.cpp, l
Event: 275.120 Thread 0x0000026f5b66e000 Exception <a 'java/lang/NoSuchMethodError'{0x00000000ff00df40}: java.lang.invoke.DirectMethodHandle$Holder.invokeStaticInit(Ljava/lang/Object;Ljava/lang/Object;IIII)Ljava/lang/Object;> (0x00000000ff00df40) thrown at [./open/src/hotspot/share/interpreter/l
Event: 288.164 Thread 0x0000026f5b66e000 Implicit null exception at 0x0000026f6a832bf4 to 0x0000026f6a8330f8
Event: 288.165 Thread 0x0000026f5b66e000 Implicit null exception at 0x0000026f6a8418f4 to 0x0000026f6a841dcc
Event: 288.794 Thread 0x0000026f5b66e000 Exception <a 'java/net/ConnectException'{0x00000000fef1fe30}: Connection refused: no further information> (0x00000000fef1fe30) thrown at [./open/src/hotspot/share/prims/jni.cpp, line 632]

Events (10 events):
Event: 293.907 loading class sun/util/locale/provider/LocaleServiceProviderPool$LocalizedObjectGetter
Event: 293.907 loading class sun/util/locale/provider/LocaleServiceProviderPool$LocalizedObjectGetter done
Event: 293.907 loading class sun/util/locale/provider/CalendarDataUtility$CalendarWeekParameterGetter done
Event: 293.908 loading class sun/util/cldr/CLDRCalendarDataProviderImpl
Event: 293.908 loading class sun/util/locale/provider/CalendarDataProviderImpl
Event: 293.908 loading class sun/util/locale/provider/CalendarDataProviderImpl done
Event: 293.908 loading class sun/util/cldr/CLDRCalendarDataProviderImpl done
Event: 293.924 loading class org/gradle/internal/logging/sink/GroupingProgressLogEventGenerator$OperationGroup
Event: 293.924 loading class org/gradle/internal/logging/sink/GroupingProgressLogEventGenerator$OperationGroup done
Event: 294.943 loading class sun/util/resources/cldr/CalendarData


Dynamic libraries:
0x00007ff743950000 - 0x00007ff743960000 	C:\Program Files\Java\jdk-11\bin\java.exe
0x00007ff8a1a70000 - 0x00007ff8a1c87000 	C:\WINDOWS\SYSTEM32\ntdll.dll
0x00007ff89fae0000 - 0x00007ff89fba4000 	C:\WINDOWS\System32\KERNEL32.DLL
0x00007ff89f330000 - 0x00007ff89f6d7000 	C:\WINDOWS\System32\KERNELBASE.dll
0x00007ff89f0f0000 - 0x00007ff89f201000 	C:\WINDOWS\System32\ucrtbase.dll
0x00007ff88b520000 - 0x00007ff88b538000 	C:\Program Files\Java\jdk-11\bin\jli.dll
0x00007ff89fa20000 - 0x00007ff89fad2000 	C:\WINDOWS\System32\ADVAPI32.dll
0x00007ff88b3f0000 - 0x00007ff88b40b000 	C:\Program Files\Java\jdk-11\bin\VCRUNTIME140.dll
0x00007ff8a1320000 - 0x00007ff8a13c7000 	C:\WINDOWS\System32\msvcrt.dll
0x00007ff8a0890000 - 0x00007ff8a0938000 	C:\WINDOWS\System32\sechost.dll
0x00007ff89f0c0000 - 0x00007ff89f0e8000 	C:\WINDOWS\System32\bcrypt.dll
0x00007ff8a0700000 - 0x00007ff8a0815000 	C:\WINDOWS\System32\RPCRT4.dll
0x00007ff89f870000 - 0x00007ff89fa1e000 	C:\WINDOWS\System32\USER32.dll
0x00007ff89f020000 - 0x00007ff89f046000 	C:\WINDOWS\System32\win32u.dll
0x00007ff89fbb0000 - 0x00007ff89fbd9000 	C:\WINDOWS\System32\GDI32.dll
0x00007ff89ef00000 - 0x00007ff89f019000 	C:\WINDOWS\System32\gdi32full.dll
0x00007ff89f290000 - 0x00007ff89f32a000 	C:\WINDOWS\System32\msvcp_win.dll
0x00007ff88ff80000 - 0x00007ff88ff8a000 	C:\WINDOWS\SYSTEM32\VERSION.dll
0x00007ff873450000 - 0x00007ff8736e3000 	C:\WINDOWS\WinSxS\amd64_microsoft.windows.common-controls_6595b64144ccf1df_6.0.22621.3527_none_270e469b73872a76\COMCTL32.dll
0x00007ff8a06c0000 - 0x00007ff8a06f1000 	C:\WINDOWS\System32\IMM32.DLL
0x00007ff88b5e0000 - 0x00007ff88b5ec000 	C:\Program Files\Java\jdk-11\bin\vcruntime140_1.dll
0x00007ff887c00000 - 0x00007ff887c8e000 	C:\Program Files\Java\jdk-11\bin\msvcp140.dll
0x00007ff849340000 - 0x00007ff849ea8000 	C:\Program Files\Java\jdk-11\bin\server\jvm.dll
0x00007ff896100000 - 0x00007ff896134000 	C:\WINDOWS\SYSTEM32\WINMM.dll
0x00007ff8a19a0000 - 0x00007ff8a19a8000 	C:\WINDOWS\System32\PSAPI.DLL
0x00007ff88b5d0000 - 0x00007ff88b5d9000 	C:\WINDOWS\SYSTEM32\WSOCK32.dll
0x00007ff8a19b0000 - 0x00007ff8a1a21000 	C:\WINDOWS\System32\WS2_32.dll
0x00007ff89dd70000 - 0x00007ff89dd88000 	C:\WINDOWS\SYSTEM32\kernel.appcore.dll
0x00007ff88b5a0000 - 0x00007ff88b5b0000 	C:\Program Files\Java\jdk-11\bin\verify.dll
0x00007ff899d60000 - 0x00007ff899f92000 	C:\WINDOWS\SYSTEM32\DBGHELP.DLL
0x00007ff8a1610000 - 0x00007ff8a1998000 	C:\WINDOWS\System32\combase.dll
0x00007ff8a1510000 - 0x00007ff8a15e7000 	C:\WINDOWS\System32\OLEAUT32.dll
0x00007ff881210000 - 0x00007ff881242000 	C:\WINDOWS\SYSTEM32\dbgcore.DLL
0x00007ff89f210000 - 0x00007ff89f289000 	C:\WINDOWS\System32\bcryptPrimitives.dll
0x00007ff88b4a0000 - 0x00007ff88b4c8000 	C:\Program Files\Java\jdk-11\bin\java.dll
0x00007ff88b550000 - 0x00007ff88b55a000 	C:\Program Files\Java\jdk-11\bin\jimage.dll
0x00007ff8889a0000 - 0x00007ff8889b7000 	C:\Program Files\Java\jdk-11\bin\zip.dll
0x00007ff8a0940000 - 0x00007ff8a119c000 	C:\WINDOWS\System32\SHELL32.dll
0x00007ff89cc50000 - 0x00007ff89d546000 	C:\WINDOWS\SYSTEM32\windows.storage.dll
0x00007ff89cb10000 - 0x00007ff89cc4e000 	C:\WINDOWS\SYSTEM32\wintypes.dll
0x00007ff8a1220000 - 0x00007ff8a1315000 	C:\WINDOWS\System32\SHCORE.dll
0x00007ff89fdb0000 - 0x00007ff89fe0e000 	C:\WINDOWS\System32\shlwapi.dll
0x00007ff89ecc0000 - 0x00007ff89ece1000 	C:\WINDOWS\SYSTEM32\profapi.dll
0x00007ff888900000 - 0x00007ff888919000 	C:\Program Files\Java\jdk-11\bin\net.dll
0x00007ff897030000 - 0x00007ff897166000 	C:\WINDOWS\SYSTEM32\WINHTTP.dll
0x00007ff89e1d0000 - 0x00007ff89e239000 	C:\WINDOWS\system32\mswsock.dll
0x00007ff8888e0000 - 0x00007ff8888f2000 	C:\Program Files\Java\jdk-11\bin\nio.dll
0x00007ff899b70000 - 0x00007ff899b97000 	C:\Users\gabri\.gradle\native\e1d6ef7f7dcc3fd88c89a11ec53ec762bb8ba0a96d01ffa2cd45eb1d1d8dd5c5\windows-amd64\native-platform.dll
0x00007ff899b40000 - 0x00007ff899b49000 	C:\Program Files\Java\jdk-11\bin\management.dll
0x00007ff898420000 - 0x00007ff89842b000 	C:\Program Files\Java\jdk-11\bin\management_ext.dll
0x00007ff89e470000 - 0x00007ff89e48b000 	C:\WINDOWS\SYSTEM32\CRYPTSP.dll
0x00007ff89dcd0000 - 0x00007ff89dd05000 	C:\WINDOWS\system32\rsaenh.dll
0x00007ff89e270000 - 0x00007ff89e298000 	C:\WINDOWS\SYSTEM32\USERENV.dll
0x00007ff89e3d0000 - 0x00007ff89e3dc000 	C:\WINDOWS\SYSTEM32\CRYPTBASE.dll
0x00007ff89d7f0000 - 0x00007ff89d81d000 	C:\WINDOWS\SYSTEM32\IPHLPAPI.DLL
0x00007ff8a06b0000 - 0x00007ff8a06b9000 	C:\WINDOWS\System32\NSI.dll
0x00007ff8973c0000 - 0x00007ff8973d9000 	C:\WINDOWS\SYSTEM32\dhcpcsvc6.DLL
0x00007ff896f00000 - 0x00007ff896f1f000 	C:\WINDOWS\SYSTEM32\dhcpcsvc.DLL
0x00007ff89d820000 - 0x00007ff89d918000 	C:\WINDOWS\SYSTEM32\DNSAPI.dll

dbghelp: loaded successfully - version: 4.0.5 - missing functions: none
symbol engine: initialized successfully - sym options: 0x614 - pdb path: .;C:\Program Files\Java\jdk-11\bin;C:\WINDOWS\SYSTEM32;C:\WINDOWS\WinSxS\amd64_microsoft.windows.common-controls_6595b64144ccf1df_6.0.22621.3527_none_270e469b73872a76;C:\Program Files\Java\jdk-11\bin\server;C:\Users\gabri\.gradle\native\e1d6ef7f7dcc3fd88c89a11ec53ec762bb8ba0a96d01ffa2cd45eb1d1d8dd5c5\windows-amd64

VM Arguments:
jvm_args: -Xmx64m -Xms64m -Dorg.gradle.appname=gradlew 
java_command: org.gradle.wrapper.GradleWrapperMain tasks
java_class_path (initial): C:\Users\gabri\OneDrive\Documents\Visual Studio Code Projects\EncorEd\encoredmobile\android\\gradle\wrapper\gradle-wrapper.jar
Launcher Type: SUN_STANDARD

[Global flags]
     intx CICompilerCount                          = 4                                         {product} {ergonomic}
     uint ConcGCThreads                            = 2                                         {product} {ergonomic}
     uint G1ConcRefinementThreads                  = 8                                         {product} {ergonomic}
   size_t G1HeapRegionSize                         = 1048576                                   {product} {ergonomic}
    uintx GCDrainStackTargetSize                   = 64                                        {product} {ergonomic}
   size_t InitialHeapSize                          = 67108864                                  {product} {command line}
   size_t MarkStackSize                            = 4194304                                   {product} {ergonomic}
   size_t MaxHeapSize                              = 67108864                                  {product} {command line}
   size_t MaxNewSize                               = 39845888                                  {product} {ergonomic}
   size_t MinHeapDeltaBytes                        = 1048576                                   {product} {ergonomic}
    uintx NonNMethodCodeHeapSize                   = 5836300                                {pd product} {ergonomic}
    uintx NonProfiledCodeHeapSize                  = 122910970                              {pd product} {ergonomic}
    uintx ProfiledCodeHeapSize                     = 122910970                              {pd product} {ergonomic}
    uintx ReservedCodeCacheSize                    = 251658240                              {pd product} {ergonomic}
     bool SegmentedCodeCache                       = true                                      {product} {ergonomic}
     bool UseCompressedClassPointers               = true                                 {lp64_product} {ergonomic}
     bool UseCompressedOops                        = true                                 {lp64_product} {ergonomic}
     bool UseG1GC                                  = true                                      {product} {ergonomic}
     bool UseLargePagesIndividualAllocation        = false                                  {pd product} {ergonomic}

Logging:
Log output configuration:
 #0: stdout all=warning uptime,level,tags
 #1: stderr all=off uptime,level,tags

Environment Variables:
JAVA_HOME=C:\Program Files\Java\jdk-11\
CLASSPATH=C:\Users\gabri\OneDrive\Documents\Visual Studio Code Projects\EncorEd\encoredmobile\android\\gradle\wrapper\gradle-wrapper.jar
PATH=C:\Users\gabri\OneDrive\Documents\Visual Studio Code Projects\EncorEd\encoredmobile\node_modules\.bin;C:\Users\gabri\OneDrive\Documents\Visual Studio Code Projects\EncorEd\encoredmobile\node_modules\.bin;C:\Users\gabri\OneDrive\Documents\Visual Studio Code Projects\EncorEd\node_modules\.bin;C:\Users\gabri\OneDrive\Documents\Visual Studio Code Projects\node_modules\.bin;C:\Users\gabri\OneDrive\Documents\node_modules\.bin;C:\Users\gabri\OneDrive\node_modules\.bin;C:\Users\gabri\node_modules\.bin;C:\Users\node_modules\.bin;C:\node_modules\.bin;C:\Program Files\nodejs\node_modules\npm\node_modules\@npmcli\run-script\lib\node-gyp-bin;C:\Users\gabri\AppData\Local\Temp\yarn--1716767081027-0.9053153801477622;C:\Users\gabri\OneDrive\Documents\Visual Studio Code Projects\EncorEd\encoredmobile\node_modules\.bin;C:\Users\gabri\AppData\Local\Yarn\Data\link\node_modules\.bin;C:\Users\gabri\AppData\Local\Yarn\bin;C:\Program Files\libexec\lib\node_modules\npm\bin\node-gyp-bin;C:\Program Files\lib\node_modules\npm\bin\node-gyp-bin;C:\Program Files\nodejs\node_modules\npm\bin\node-gyp-bin;C:\Program Files\Java\jdk-11\bin;C:\Program Files\Common Files\Oracle\Java\javapath;C:\Program Files (x86)\Intel\Intel(R) Management Engine Components\iCLS\;C:\Program Files\Intel\Intel(R) Management Engine Components\iCLS\;C:\WINDOWS\system32;C:\WINDOWS;C:\WINDOWS\System32\Wbem;C:\WINDOWS\System32\WindowsPowerShell\v1.0\;C:\WINDOWS\System32\OpenSSH\;C:\Program Files\Git\cmd;C:\ProgramData\chocolatey\bin;C:\Program Files\Microsoft SQL Server\150\Tools\Binn\;C:\Program Files\Microsoft SQL Server\Client SDK\ODBC\170\Tools\Binn\;C:\Program Files\dotnet\;C:\Program Files (x86)\Microsoft SQL Server\160\Tools\Binn\;C:\Program Files\Microsoft SQL Server\160\Tools\Binn\;C:\Program Files\Microsoft SQL Server\160\DTS\Binn\;C:\Program Files (x86)\Microsoft SQL Server\160\DTS\Binn\;C:\Program Files\Azure Data Studio\bin;C:\Program Files\Docker\Docker\resources\bin;C:\Users\gabri\AppData\Local\Programs\Python\
USERNAME=gabri
OS=Windows_NT
PROCESSOR_IDENTIFIER=Intel64 Family 6 Model 142 Stepping 11, GenuineIntel



---------------  S Y S T E M  ---------------

OS: Windows 11 , 64 bit Build 22621 (10.0.22621.3527)
Hyper-V role detected

CPU:total 8 (initial active 8) (4 cores per cpu, 2 threads per core) family 6 model 142 stepping 11 microcode 0xf4, cmov, cx8, fxsr, mmx, sse, sse2, sse3, ssse3, sse4.1, sse4.2, popcnt, avx, avx2, aes, clmul, erms, 3dnowpref, lzcnt, ht, tsc, tscinvbit, bmi1, bmi2, adx, fma

Memory: 4k page, system-wide physical 16259M (1578M free)
TotalPageFile size 40564M (AvailPageFile size 1396M)
current process WorkingSet (physical memory assigned to process): 76M, peak: 76M
current process commit charge ("private bytes"): 164M, peak: 164M

vm_info: Java HotSpot(TM) 64-Bit Server VM (11.0.18+9-LTS-195) for windows-amd64 JRE (11.0.18+9-LTS-195), built on Dec  6 2022 15:50:58 by "mach5one" with MS VC++ 17.1 (VS2022)

END.
