#
# There is insufficient memory for the Java Runtime Environment to continue.
# Native memory allocation (malloc) failed to allocate 340816 bytes for Chunk::new
# Possible reasons:
#   The system is out of physical RAM or swap space
#   The process is running with CompressedOops enabled, and the Java Heap may be blocking the growth of the native heap
# Possible solutions:
#   Reduce memory load on the system
#   Increase physical memory or swap space
#   Check if swap backing store is full
#   Decrease Java heap size (-Xmx/-Xms)
#   Decrease number of Java threads
#   Decrease Java thread stack sizes (-Xss)
#   Set larger code cache with -XX:ReservedCodeCacheSize=
#   JVM is running with Unscaled Compressed Oops mode in which the Java heap is
#     placed in the first 4GB address space. The Java Heap base address is the
#     maximum limit for the native heap growth. Please use -XX:HeapBaseMinAddress
#     to set the Java Heap base and to place the Java Heap above 4GB virtual address.
# This output file may be truncated or incomplete.
#
#  Out of Memory Error (./open/src/hotspot/share/memory/arena.cpp:197), pid=11860, tid=33584
#
# JRE version: Java(TM) SE Runtime Environment 18.9 (11.0.18+9) (build 11.0.18+9-LTS-195)
# Java VM: Java HotSpot(TM) 64-Bit Server VM 18.9 (11.0.18+9-LTS-195, mixed mode, tiered, compressed oops, g1 gc, windows-amd64)
# No core dump will be written. Minidumps are not enabled by default on client versions of Windows
#

---------------  S U M M A R Y ------------

Command Line: -Xmx64m -Xms64m -Dorg.gradle.appname=gradlew org.gradle.wrapper.GradleWrapperMain tasks

Host: Intel(R) Core(TM) i5-8265U CPU @ 1.60GHz, 8 cores, 15G,  Windows 11 , 64 bit Build 22621 (10.0.22621.3527)
Time: Mon May 27 08:44:09 2024 Malay Peninsula Standard Time elapsed time: 194.980768 seconds (0d 0h 3m 14s)

---------------  T H R E A D  ---------------

Current thread (0x000001dc188aa000):  JavaThread "C2 CompilerThread0" daemon [_thread_in_native, id=33584, stack(0x000000b7b6200000,0x000000b7b6300000)]


Current CompileTask:
C2: 194980 1350 % !   4       java.util.concurrent.ConcurrentHashMap::transfer @ 96 (828 bytes)

Stack: [0x000000b7b6200000,0x000000b7b6300000]
Native frames: (J=compiled Java code, j=interpreted, Vv=VM code, C=native code)
V  [jvm.dll+0x65d8aa]
V  [jvm.dll+0x79fc1f]
V  [jvm.dll+0x7a12e9]
V  [jvm.dll+0x7a1983]
V  [jvm.dll+0x2585b5]
V  [jvm.dll+0xb284c]
V  [jvm.dll+0xb2e0c]
V  [jvm.dll+0x365e21]
V  [jvm.dll+0x32eb15]
V  [jvm.dll+0x32defa]
V  [jvm.dll+0x2113ad]
V  [jvm.dll+0x210378]
V  [jvm.dll+0x18c641]
V  [jvm.dll+0x220609]
V  [jvm.dll+0x21e92c]
V  [jvm.dll+0x763f61]
V  [jvm.dll+0x75c924]
V  [jvm.dll+0x65c755]
C  [ucrtbase.dll+0x29333]
C  [KERNEL32.DLL+0x1257d]
C  [ntdll.dll+0x5aa48]


---------------  P R O C E S S  ---------------

Threads class SMR info:
_java_thread_list=0x000001dc1a03f5e0, length=11, elements={
0x000001dc7d2bf000, 0x000001dc18872000, 0x000001dc18873000, 0x000001dc18901800,
0x000001dc18903000, 0x000001dc18904000, 0x000001dc188aa000, 0x000001dc188ab000,
0x000001dc188ac800, 0x000001dc19380800, 0x000001dc1a4e1800
}

Java Threads: ( => current thread )
  0x000001dc7d2bf000 JavaThread "main" [_thread_blocked, id=36860, stack(0x000000b7b5600000,0x000000b7b5700000)]
  0x000001dc18872000 JavaThread "Reference Handler" daemon [_thread_blocked, id=25212, stack(0x000000b7b5d00000,0x000000b7b5e00000)]
  0x000001dc18873000 JavaThread "Finalizer" daemon [_thread_blocked, id=33376, stack(0x000000b7b5e00000,0x000000b7b5f00000)]
  0x000001dc18901800 JavaThread "Signal Dispatcher" daemon [_thread_blocked, id=34360, stack(0x000000b7b5f00000,0x000000b7b6000000)]
  0x000001dc18903000 JavaThread "Attach Listener" daemon [_thread_blocked, id=34948, stack(0x000000b7b6000000,0x000000b7b6100000)]
  0x000001dc18904000 JavaThread "Service Thread" daemon [_thread_blocked, id=20636, stack(0x000000b7b6100000,0x000000b7b6200000)]
=>0x000001dc188aa000 JavaThread "C2 CompilerThread0" daemon [_thread_in_native, id=33584, stack(0x000000b7b6200000,0x000000b7b6300000)]
  0x000001dc188ab000 JavaThread "C1 CompilerThread0" daemon [_thread_blocked, id=34452, stack(0x000000b7b6300000,0x000000b7b6400000)]
  0x000001dc188ac800 JavaThread "Sweeper thread" daemon [_thread_blocked, id=35428, stack(0x000000b7b6400000,0x000000b7b6500000)]
  0x000001dc19380800 JavaThread "Common-Cleaner" daemon [_thread_blocked, id=37108, stack(0x000000b7b6600000,0x000000b7b6700000)]
  0x000001dc1a4e1800 JavaThread "pool-1-thread-1" [_thread_blocked, id=31204, stack(0x000000b7b5300000,0x000000b7b5400000)]

Other Threads:
  0x000001dc1886f800 VMThread "VM Thread" [stack: 0x000000b7b5c00000,0x000000b7b5d00000] [id=33808]
  0x000001dc1937c000 WatcherThread [stack: 0x000000b7b6500000,0x000000b7b6600000] [id=37032]
  0x000001dc7d2d5800 GCTaskThread "GC Thread#0" [stack: 0x000000b7b5700000,0x000000b7b5800000] [id=31292]
  0x000001dc1a837800 GCTaskThread "GC Thread#1" [stack: 0x000000b7b5400000,0x000000b7b5500000] [id=34340]
  0x000001dc7d2dc800 ConcurrentGCThread "G1 Main Marker" [stack: 0x000000b7b5800000,0x000000b7b5900000] [id=34680]
  0x000001dc7d2df000 ConcurrentGCThread "G1 Conc#0" [stack: 0x000000b7b5900000,0x000000b7b5a00000] [id=34684]
  0x000001dc7d34b000 ConcurrentGCThread "G1 Refine#0" [stack: 0x000000b7b5a00000,0x000000b7b5b00000] [id=24128]
  0x000001dc7d34c000 ConcurrentGCThread "G1 Young RemSet Sampling" [stack: 0x000000b7b5b00000,0x000000b7b5c00000] [id=36620]

Threads with active compile tasks:
C2 CompilerThread0   196306 1350 % !   4       java.util.concurrent.ConcurrentHashMap::transfer @ 96 (828 bytes)

VM state:not at safepoint (normal execution)

VM Mutex/Monitor currently owned by a thread: None

Heap address: 0x00000000fc000000, size: 64 MB, Compressed Oops mode: 32-bit
Narrow klass base: 0x0000000000000000, Narrow klass shift: 3
Compressed class space size: 1073741824 Address: 0x0000000100000000

Heap:
 garbage-first heap   total 65536K, used 26892K [0x00000000fc000000, 0x0000000100000000)
  region size 1024K, 21 young (21504K), 3 survivors (3072K)
 Metaspace       used 14961K, capacity 15235K, committed 15488K, reserved 1062912K
  class space    used 1712K, capacity 1807K, committed 1920K, reserved 1048576K
Heap Regions: E=young(eden), S=young(survivor), O=old, HS=humongous(starts), HC=humongous(continues), CS=collection set, F=free, A=archive, TAMS=top-at-mark-start (previous, next)
|   0|0x00000000fc000000, 0x00000000fc000000, 0x00000000fc100000|  0%| F|  |TAMS 0x00000000fc000000, 0x00000000fc000000| Untracked 
|   1|0x00000000fc100000, 0x00000000fc100000, 0x00000000fc200000|  0%| F|  |TAMS 0x00000000fc100000, 0x00000000fc100000| Untracked 
|   2|0x00000000fc200000, 0x00000000fc200000, 0x00000000fc300000|  0%| F|  |TAMS 0x00000000fc200000, 0x00000000fc200000| Untracked 
|   3|0x00000000fc300000, 0x00000000fc400000, 0x00000000fc400000|100%|HS|  |TAMS 0x00000000fc300000, 0x00000000fc300000| Complete 
|   4|0x00000000fc400000, 0x00000000fc500000, 0x00000000fc500000|100%|HC|  |TAMS 0x00000000fc400000, 0x00000000fc400000| Complete 
|   5|0x00000000fc500000, 0x00000000fc600000, 0x00000000fc600000|100%|HC|  |TAMS 0x00000000fc500000, 0x00000000fc500000| Complete 
|   6|0x00000000fc600000, 0x00000000fc700000, 0x00000000fc700000|100%| O|  |TAMS 0x00000000fc600000, 0x00000000fc600000| Untracked 
|   7|0x00000000fc700000, 0x00000000fc800000, 0x00000000fc800000|100%| O|  |TAMS 0x00000000fc700000, 0x00000000fc700000| Untracked 
|   8|0x00000000fc800000, 0x00000000fc900000, 0x00000000fc900000|100%| O|  |TAMS 0x00000000fc800000, 0x00000000fc800000| Untracked 
|   9|0x00000000fc900000, 0x00000000fc943200, 0x00000000fca00000| 26%| O|  |TAMS 0x00000000fc900000, 0x00000000fc900000| Untracked 
|  10|0x00000000fca00000, 0x00000000fca00000, 0x00000000fcb00000|  0%| F|  |TAMS 0x00000000fca00000, 0x00000000fca00000| Untracked 
|  11|0x00000000fcb00000, 0x00000000fcb00000, 0x00000000fcc00000|  0%| F|  |TAMS 0x00000000fcb00000, 0x00000000fcb00000| Untracked 
|  12|0x00000000fcc00000, 0x00000000fcc00000, 0x00000000fcd00000|  0%| F|  |TAMS 0x00000000fcc00000, 0x00000000fcc00000| Untracked 
|  13|0x00000000fcd00000, 0x00000000fcd00000, 0x00000000fce00000|  0%| F|  |TAMS 0x00000000fcd00000, 0x00000000fcd00000| Untracked 
|  14|0x00000000fce00000, 0x00000000fce00000, 0x00000000fcf00000|  0%| F|  |TAMS 0x00000000fce00000, 0x00000000fce00000| Untracked 
|  15|0x00000000fcf00000, 0x00000000fcf00000, 0x00000000fd000000|  0%| F|  |TAMS 0x00000000fcf00000, 0x00000000fcf00000| Untracked 
|  16|0x00000000fd000000, 0x00000000fd000000, 0x00000000fd100000|  0%| F|  |TAMS 0x00000000fd000000, 0x00000000fd000000| Untracked 
|  17|0x00000000fd100000, 0x00000000fd100000, 0x00000000fd200000|  0%| F|  |TAMS 0x00000000fd100000, 0x00000000fd100000| Untracked 
|  18|0x00000000fd200000, 0x00000000fd200000, 0x00000000fd300000|  0%| F|  |TAMS 0x00000000fd200000, 0x00000000fd200000| Untracked 
|  19|0x00000000fd300000, 0x00000000fd300000, 0x00000000fd400000|  0%| F|  |TAMS 0x00000000fd300000, 0x00000000fd300000| Untracked 
|  20|0x00000000fd400000, 0x00000000fd400000, 0x00000000fd500000|  0%| F|  |TAMS 0x00000000fd400000, 0x00000000fd400000| Untracked 
|  21|0x00000000fd500000, 0x00000000fd500000, 0x00000000fd600000|  0%| F|  |TAMS 0x00000000fd500000, 0x00000000fd500000| Untracked 
|  22|0x00000000fd600000, 0x00000000fd600000, 0x00000000fd700000|  0%| F|  |TAMS 0x00000000fd600000, 0x00000000fd600000| Untracked 
|  23|0x00000000fd700000, 0x00000000fd700000, 0x00000000fd800000|  0%| F|  |TAMS 0x00000000fd700000, 0x00000000fd700000| Untracked 
|  24|0x00000000fd800000, 0x00000000fd800000, 0x00000000fd900000|  0%| F|  |TAMS 0x00000000fd800000, 0x00000000fd800000| Untracked 
|  25|0x00000000fd900000, 0x00000000fd900000, 0x00000000fda00000|  0%| F|  |TAMS 0x00000000fd900000, 0x00000000fd900000| Untracked 
|  26|0x00000000fda00000, 0x00000000fda00000, 0x00000000fdb00000|  0%| F|  |TAMS 0x00000000fda00000, 0x00000000fda00000| Untracked 
|  27|0x00000000fdb00000, 0x00000000fdb00000, 0x00000000fdc00000|  0%| F|  |TAMS 0x00000000fdb00000, 0x00000000fdb00000| Untracked 
|  28|0x00000000fdc00000, 0x00000000fdc00000, 0x00000000fdd00000|  0%| F|  |TAMS 0x00000000fdc00000, 0x00000000fdc00000| Untracked 
|  29|0x00000000fdd00000, 0x00000000fdd00000, 0x00000000fde00000|  0%| F|  |TAMS 0x00000000fdd00000, 0x00000000fdd00000| Untracked 
|  30|0x00000000fde00000, 0x00000000fde00000, 0x00000000fdf00000|  0%| F|  |TAMS 0x00000000fde00000, 0x00000000fde00000| Untracked 
|  31|0x00000000fdf00000, 0x00000000fdf00000, 0x00000000fe000000|  0%| F|  |TAMS 0x00000000fdf00000, 0x00000000fdf00000| Untracked 
|  32|0x00000000fe000000, 0x00000000fe000000, 0x00000000fe100000|  0%| F|  |TAMS 0x00000000fe000000, 0x00000000fe000000| Untracked 
|  33|0x00000000fe100000, 0x00000000fe100000, 0x00000000fe200000|  0%| F|  |TAMS 0x00000000fe100000, 0x00000000fe100000| Untracked 
|  34|0x00000000fe200000, 0x00000000fe200000, 0x00000000fe300000|  0%| F|  |TAMS 0x00000000fe200000, 0x00000000fe200000| Untracked 
|  35|0x00000000fe300000, 0x00000000fe300000, 0x00000000fe400000|  0%| F|  |TAMS 0x00000000fe300000, 0x00000000fe300000| Untracked 
|  36|0x00000000fe400000, 0x00000000fe400000, 0x00000000fe500000|  0%| F|  |TAMS 0x00000000fe400000, 0x00000000fe400000| Untracked 
|  37|0x00000000fe500000, 0x00000000fe600000, 0x00000000fe600000|100%| S|CS|TAMS 0x00000000fe500000, 0x00000000fe500000| Complete 
|  38|0x00000000fe600000, 0x00000000fe700000, 0x00000000fe700000|100%| S|CS|TAMS 0x00000000fe600000, 0x00000000fe600000| Complete 
|  39|0x00000000fe700000, 0x00000000fe800000, 0x00000000fe800000|100%| S|CS|TAMS 0x00000000fe700000, 0x00000000fe700000| Complete 
|  40|0x00000000fe800000, 0x00000000fe800000, 0x00000000fe900000|  0%| F|  |TAMS 0x00000000fe800000, 0x00000000fe800000| Untracked 
|  41|0x00000000fe900000, 0x00000000fe900000, 0x00000000fea00000|  0%| F|  |TAMS 0x00000000fe900000, 0x00000000fe900000| Untracked 
|  42|0x00000000fea00000, 0x00000000fea00000, 0x00000000feb00000|  0%| F|  |TAMS 0x00000000fea00000, 0x00000000fea00000| Untracked 
|  43|0x00000000feb00000, 0x00000000feb00000, 0x00000000fec00000|  0%| F|  |TAMS 0x00000000feb00000, 0x00000000feb00000| Untracked 
|  44|0x00000000fec00000, 0x00000000fec00000, 0x00000000fed00000|  0%| F|  |TAMS 0x00000000fec00000, 0x00000000fec00000| Untracked 
|  45|0x00000000fed00000, 0x00000000fed00000, 0x00000000fee00000|  0%| F|  |TAMS 0x00000000fed00000, 0x00000000fed00000| Untracked 
|  46|0x00000000fee00000, 0x00000000fef00000, 0x00000000fef00000|100%| E|  |TAMS 0x00000000fee00000, 0x00000000fee00000| Complete 
|  47|0x00000000fef00000, 0x00000000ff000000, 0x00000000ff000000|100%| E|CS|TAMS 0x00000000fef00000, 0x00000000fef00000| Complete 
|  48|0x00000000ff000000, 0x00000000ff100000, 0x00000000ff100000|100%| E|CS|TAMS 0x00000000ff000000, 0x00000000ff000000| Complete 
|  49|0x00000000ff100000, 0x00000000ff200000, 0x00000000ff200000|100%| E|CS|TAMS 0x00000000ff100000, 0x00000000ff100000| Complete 
|  50|0x00000000ff200000, 0x00000000ff300000, 0x00000000ff300000|100%| E|CS|TAMS 0x00000000ff200000, 0x00000000ff200000| Complete 
|  51|0x00000000ff300000, 0x00000000ff400000, 0x00000000ff400000|100%| E|CS|TAMS 0x00000000ff300000, 0x00000000ff300000| Complete 
|  52|0x00000000ff400000, 0x00000000ff500000, 0x00000000ff500000|100%| E|CS|TAMS 0x00000000ff400000, 0x00000000ff400000| Complete 
|  53|0x00000000ff500000, 0x00000000ff600000, 0x00000000ff600000|100%| E|CS|TAMS 0x00000000ff500000, 0x00000000ff500000| Complete 
|  54|0x00000000ff600000, 0x00000000ff700000, 0x00000000ff700000|100%| E|CS|TAMS 0x00000000ff600000, 0x00000000ff600000| Complete 
|  55|0x00000000ff700000, 0x00000000ff800000, 0x00000000ff800000|100%| E|CS|TAMS 0x00000000ff700000, 0x00000000ff700000| Complete 
|  56|0x00000000ff800000, 0x00000000ff900000, 0x00000000ff900000|100%| E|CS|TAMS 0x00000000ff800000, 0x00000000ff800000| Complete 
|  57|0x00000000ff900000, 0x00000000ffa00000, 0x00000000ffa00000|100%| E|CS|TAMS 0x00000000ff900000, 0x00000000ff900000| Complete 
|  58|0x00000000ffa00000, 0x00000000ffb00000, 0x00000000ffb00000|100%| E|CS|TAMS 0x00000000ffa00000, 0x00000000ffa00000| Complete 
|  59|0x00000000ffb00000, 0x00000000ffc00000, 0x00000000ffc00000|100%| E|CS|TAMS 0x00000000ffb00000, 0x00000000ffb00000| Complete 
|  60|0x00000000ffc00000, 0x00000000ffd00000, 0x00000000ffd00000|100%| E|CS|TAMS 0x00000000ffc00000, 0x00000000ffc00000| Complete 
|  61|0x00000000ffd00000, 0x00000000ffe00000, 0x00000000ffe00000|100%| E|CS|TAMS 0x00000000ffd00000, 0x00000000ffd00000| Complete 
|  62|0x00000000ffe00000, 0x00000000fff00000, 0x00000000fff00000|100%| E|CS|TAMS 0x00000000ffe00000, 0x00000000ffe00000| Complete 
|  63|0x00000000fff00000, 0x0000000100000000, 0x0000000100000000|100%| E|CS|TAMS 0x00000000fff00000, 0x00000000fff00000| Complete 

Card table byte_map: [0x000001dc7f5e0000,0x000001dc7f600000] _byte_map_base: 0x000001dc7ee00000

Marking Bits (Prev, Next): (CMBitMap*) 0x000001dc7d2db7a8, (CMBitMap*) 0x000001dc7d2db7e0
 Prev Bits: [0x000001dc7f620000, 0x000001dc7f720000)
 Next Bits: [0x000001dc7f720000, 0x000001dc7f820000)

Polling page: 0x000001dc7d380000

Metaspace:

Usage:
  Non-class:     13.11 MB capacity,    12.94 MB ( 99%) used,   158.06 KB (  1%) free+waste,    20.81 KB ( <1%) overhead. 
      Class:      1.76 MB capacity,     1.67 MB ( 95%) used,    84.13 KB (  5%) free+waste,    10.44 KB ( <1%) overhead. 
       Both:     14.88 MB capacity,    14.61 MB ( 98%) used,   242.20 KB (  2%) free+waste,    31.25 KB ( <1%) overhead. 

Virtual space:
  Non-class space:       14.00 MB reserved,      13.25 MB ( 95%) committed 
      Class space:        1.00 GB reserved,       1.88 MB ( <1%) committed 
             Both:        1.01 GB reserved,      15.12 MB (  1%) committed 

Chunk freelists:
   Non-Class:  1.50 KB
       Class:  2.12 KB
        Both:  3.62 KB

CodeHeap 'non-profiled nmethods': size=120000Kb used=470Kb max_used=470Kb free=119530Kb
 bounds [0x000001dc0f0d0000, 0x000001dc0f340000, 0x000001dc16600000]
CodeHeap 'profiled nmethods': size=120000Kb used=2637Kb max_used=2637Kb free=117363Kb
 bounds [0x000001dc07ba0000, 0x000001dc07e40000, 0x000001dc0f0d0000]
CodeHeap 'non-nmethods': size=5760Kb used=1096Kb max_used=1108Kb free=4663Kb
 bounds [0x000001dc07600000, 0x000001dc07870000, 0x000001dc07ba0000]
 total_blobs=1785 nmethods=1371 adapters=326
 compilation: enabled
              stopped_count=0, restarted_count=0
 full_count=0

Compilation events (10 events):
Event: 186.515 Thread 0x000001dc188ab000 nmethod 1358 0x000001dc0f142d10 code [0x000001dc0f142ea0, 0x000001dc0f142f58]
Event: 186.515 Thread 0x000001dc188ab000 1359       1       java.util.Calendar::getFirstDayOfWeek (5 bytes)
Event: 186.515 Thread 0x000001dc188ab000 nmethod 1359 0x000001dc0f143010 code [0x000001dc0f1431a0, 0x000001dc0f143258]
Event: 186.515 Thread 0x000001dc188ab000 1360       1       java.util.Calendar::getMinimalDaysInFirstWeek (5 bytes)
Event: 186.515 Thread 0x000001dc188ab000 nmethod 1360 0x000001dc0f143310 code [0x000001dc0f1434a0, 0x000001dc0f143558]
Event: 186.515 Thread 0x000001dc188ab000 1362       1       java.util.Calendar::getZone (5 bytes)
Event: 186.515 Thread 0x000001dc188ab000 nmethod 1362 0x000001dc0f143610 code [0x000001dc0f1437a0, 0x000001dc0f143858]
Event: 186.515 Thread 0x000001dc188ab000 1363       3       java.util.Date::<init> (10 bytes)
Event: 186.515 Thread 0x000001dc188ab000 nmethod 1363 0x000001dc07e31090 code [0x000001dc07e31220, 0x000001dc07e31378]
Event: 186.931 Thread 0x000001dc188ab000 1364       3       java.lang.Long::valueOf (40 bytes)

GC Heap History (2 events):
Event: 131.635 GC heap before
{Heap before GC invocations=0 (full 0):
 garbage-first heap   total 65536K, used 29696K [0x00000000fc000000, 0x0000000100000000)
  region size 1024K, 24 young (24576K), 0 survivors (0K)
 Metaspace       used 10472K, capacity 10721K, committed 11008K, reserved 1058816K
  class space    used 1072K, capacity 1167K, committed 1280K, reserved 1048576K
}
Event: 131.770 GC heap after
{Heap after GC invocations=1 (full 0):
 garbage-first heap   total 65536K, used 9484K [0x00000000fc000000, 0x0000000100000000)
  region size 1024K, 3 young (3072K), 3 survivors (3072K)
 Metaspace       used 10472K, capacity 10721K, committed 11008K, reserved 1058816K
  class space    used 1072K, capacity 1167K, committed 1280K, reserved 1048576K
}

Deoptimization events (10 events):
Event: 129.288 Thread 0x000001dc7d2bf000 Uncommon trap: reason=unstable_if action=reinterpret pc=0x000001dc0f0ed604 method=java.util.regex.Matcher.reset()Ljava/util/regex/Matcher; @ 47 c2
Event: 129.288 Thread 0x000001dc7d2bf000 Uncommon trap: reason=class_check action=maybe_recompile pc=0x000001dc0f0ece7c method=java.util.regex.Matcher.match(II)Z @ 121 c2
Event: 129.288 Thread 0x000001dc7d2bf000 Uncommon trap: reason=class_check action=maybe_recompile pc=0x000001dc0f0ece7c method=java.util.regex.Matcher.match(II)Z @ 121 c2
Event: 129.289 Thread 0x000001dc7d2bf000 Uncommon trap: reason=class_check action=maybe_recompile pc=0x000001dc0f0ece7c method=java.util.regex.Matcher.match(II)Z @ 121 c2
Event: 129.289 Thread 0x000001dc7d2bf000 Uncommon trap: reason=class_check action=maybe_recompile pc=0x000001dc0f0ece7c method=java.util.regex.Matcher.match(II)Z @ 121 c2
Event: 129.347 Thread 0x000001dc7d2bf000 Uncommon trap: reason=unstable_if action=reinterpret pc=0x000001dc0f10dc04 method=java.util.HashMap.hash(Ljava/lang/Object;)I @ 1 c2
Event: 138.217 Thread 0x000001dc7d2bf000 Uncommon trap: reason=unstable_if action=reinterpret pc=0x000001dc0f1284a0 method=java.util.HashMap.getNode(ILjava/lang/Object;)Ljava/util/HashMap$Node; @ 129 c2
Event: 179.289 Thread 0x000001dc7d2bf000 Uncommon trap: reason=unstable_if action=reinterpret pc=0x000001dc0f102a10 method=java.lang.AbstractStringBuilder.append(Ljava/lang/String;)Ljava/lang/AbstractStringBuilder; @ 1 c2
Event: 179.290 Thread 0x000001dc7d2bf000 Uncommon trap: reason=unstable_if action=reinterpret pc=0x000001dc0f1034e4 method=java.lang.AbstractStringBuilder.append(Ljava/lang/String;)Ljava/lang/AbstractStringBuilder; @ 1 c2
Event: 185.098 Thread 0x000001dc7d2bf000 Uncommon trap: reason=unstable_if action=reinterpret pc=0x000001dc0f12a714 method=java.util.concurrent.ConcurrentHashMap.putVal(Ljava/lang/Object;Ljava/lang/Object;Z)Ljava/lang/Object; @ 256 c2

Classes redefined (0 events):
No events

Internal exceptions (10 events):
Event: 131.924 Thread 0x000001dc7d2bf000 Exception <a 'java/lang/NoSuchMethodError'{0x00000000fffc9dd0}: java.lang.invoke.DirectMethodHandle$Holder.invokeVirtual(Ljava/lang/Object;Ljava/lang/Object;Ljava/lang/Object;Ljava/lang/Object;Ljava/lang/Object;Ljava/lang/Object;Ljava/lang/Object;)Ljava/l
Event: 131.928 Thread 0x000001dc7d2bf000 Exception <a 'java/lang/NoSuchMethodError'{0x00000000fffdd9c0}: java.lang.invoke.Invokers$Holder.invoker(Ljava/lang/Object;Ljava/lang/Object;Ljava/lang/Object;)Ljava/lang/Object;> (0x00000000fffdd9c0) thrown at [./open/src/hotspot/share/interpreter/linkRe
Event: 131.934 Thread 0x000001dc7d2bf000 Exception <a 'java/lang/NoSuchMethodError'{0x00000000fffee5d0}: java.lang.invoke.DelegatingMethodHandle$Holder.delegate(Ljava/lang/Object;Ljava/lang/Object;ILjava/lang/Object;)V> (0x00000000fffee5d0) thrown at [./open/src/hotspot/share/interpreter/linkRes
Event: 133.531 Thread 0x000001dc7d2bf000 Exception <a 'java/lang/NoSuchMethodError'{0x00000000ff805cc8}: java.lang.invoke.DirectMethodHandle$Holder.invokeInterface(Ljava/lang/Object;Ljava/lang/Object;Ljava/lang/Object;)Ljava/lang/Object;> (0x00000000ff805cc8) thrown at [./open/src/hotspot/share/
Event: 134.868 Thread 0x000001dc7d2bf000 Exception <a 'java/lang/NoSuchMethodError'{0x00000000ff6a3f98}: java.lang.invoke.DirectMethodHandle$Holder.invokeStaticInit(Ljava/lang/Object;Ljava/lang/Object;Ljava/lang/Object;)Ljava/lang/Object;> (0x00000000ff6a3f98) thrown at [./open/src/hotspot/share
Event: 138.882 Thread 0x000001dc7d2bf000 Exception <a 'java/lang/NoSuchMethodError'{0x00000000ff19aea8}: java.lang.invoke.DirectMethodHandle$Holder.invokeStaticInit(Ljava/lang/Object;IIII)Ljava/lang/Object;> (0x00000000ff19aea8) thrown at [./open/src/hotspot/share/interpreter/linkResolver.cpp, l
Event: 166.380 Thread 0x000001dc7d2bf000 Exception <a 'java/lang/NoSuchMethodError'{0x00000000ff010a38}: java.lang.invoke.DirectMethodHandle$Holder.invokeStaticInit(Ljava/lang/Object;Ljava/lang/Object;IIII)Ljava/lang/Object;> (0x00000000ff010a38) thrown at [./open/src/hotspot/share/interpreter/l
Event: 179.289 Thread 0x000001dc7d2bf000 Implicit null exception at 0x000001dc0f1024f4 to 0x000001dc0f1029f8
Event: 179.290 Thread 0x000001dc7d2bf000 Implicit null exception at 0x000001dc0f102ff4 to 0x000001dc0f1034cc
Event: 179.936 Thread 0x000001dc7d2bf000 Exception <a 'java/net/ConnectException'{0x00000000fef21dc0}: Connection refused: no further information> (0x00000000fef21dc0) thrown at [./open/src/hotspot/share/prims/jni.cpp, line 632]

Events (10 events):
Event: 186.513 loading class sun/util/calendar/BaseCalendar$Date
Event: 186.513 loading class sun/util/calendar/CalendarDate
Event: 186.513 loading class sun/util/calendar/CalendarDate done
Event: 186.513 loading class sun/util/calendar/BaseCalendar$Date done
Event: 186.513 loading class sun/util/calendar/Gregorian$Date done
Event: 186.513 loading class sun/util/calendar/CalendarUtils
Event: 186.513 loading class sun/util/calendar/CalendarUtils done
Event: 186.515 loading class org/gradle/launcher/daemon/registry/PersistentDaemonRegistry$7
Event: 186.515 loading class org/gradle/launcher/daemon/registry/PersistentDaemonRegistry$7 done
Event: 186.932 Thread 0x000001dc7d2bf000 Uncommon trap: trap_request=0xffffffc6 fr.pc=0x000001dc0f105720 relative=0x00000000000003e0


Dynamic libraries:
0x00007ff743950000 - 0x00007ff743960000 	C:\Program Files\Java\jdk-11\bin\java.exe
0x00007ff8a1a70000 - 0x00007ff8a1c87000 	C:\WINDOWS\SYSTEM32\ntdll.dll
0x00007ff89fae0000 - 0x00007ff89fba4000 	C:\WINDOWS\System32\KERNEL32.DLL
0x00007ff89f330000 - 0x00007ff89f6d7000 	C:\WINDOWS\System32\KERNELBASE.dll
0x00007ff89f0f0000 - 0x00007ff89f201000 	C:\WINDOWS\System32\ucrtbase.dll
0x00007ff88b520000 - 0x00007ff88b538000 	C:\Program Files\Java\jdk-11\bin\jli.dll
0x00007ff88b3f0000 - 0x00007ff88b40b000 	C:\Program Files\Java\jdk-11\bin\VCRUNTIME140.dll
0x00007ff89fa20000 - 0x00007ff89fad2000 	C:\WINDOWS\System32\ADVAPI32.dll
0x00007ff8a1320000 - 0x00007ff8a13c7000 	C:\WINDOWS\System32\msvcrt.dll
0x00007ff8a0890000 - 0x00007ff8a0938000 	C:\WINDOWS\System32\sechost.dll
0x00007ff89f0c0000 - 0x00007ff89f0e8000 	C:\WINDOWS\System32\bcrypt.dll
0x00007ff8a0700000 - 0x00007ff8a0815000 	C:\WINDOWS\System32\RPCRT4.dll
0x00007ff89f870000 - 0x00007ff89fa1e000 	C:\WINDOWS\System32\USER32.dll
0x00007ff89f020000 - 0x00007ff89f046000 	C:\WINDOWS\System32\win32u.dll
0x00007ff89fbb0000 - 0x00007ff89fbd9000 	C:\WINDOWS\System32\GDI32.dll
0x00007ff89ef00000 - 0x00007ff89f019000 	C:\WINDOWS\System32\gdi32full.dll
0x00007ff89f290000 - 0x00007ff89f32a000 	C:\WINDOWS\System32\msvcp_win.dll
0x00007ff873450000 - 0x00007ff8736e3000 	C:\WINDOWS\WinSxS\amd64_microsoft.windows.common-controls_6595b64144ccf1df_6.0.22621.3527_none_270e469b73872a76\COMCTL32.dll
0x00007ff88ff80000 - 0x00007ff88ff8a000 	C:\WINDOWS\SYSTEM32\VERSION.dll
0x00007ff8a06c0000 - 0x00007ff8a06f1000 	C:\WINDOWS\System32\IMM32.DLL
0x00007ff88b5e0000 - 0x00007ff88b5ec000 	C:\Program Files\Java\jdk-11\bin\vcruntime140_1.dll
0x00007ff887c00000 - 0x00007ff887c8e000 	C:\Program Files\Java\jdk-11\bin\msvcp140.dll
0x00007ff849340000 - 0x00007ff849ea8000 	C:\Program Files\Java\jdk-11\bin\server\jvm.dll
0x00007ff8a19a0000 - 0x00007ff8a19a8000 	C:\WINDOWS\System32\PSAPI.DLL
0x00007ff88b5d0000 - 0x00007ff88b5d9000 	C:\WINDOWS\SYSTEM32\WSOCK32.dll
0x00007ff8a19b0000 - 0x00007ff8a1a21000 	C:\WINDOWS\System32\WS2_32.dll
0x00007ff896100000 - 0x00007ff896134000 	C:\WINDOWS\SYSTEM32\WINMM.dll
0x00007ff89dd70000 - 0x00007ff89dd88000 	C:\WINDOWS\SYSTEM32\kernel.appcore.dll
0x00007ff88b5a0000 - 0x00007ff88b5b0000 	C:\Program Files\Java\jdk-11\bin\verify.dll
0x00007ff899d60000 - 0x00007ff899f92000 	C:\WINDOWS\SYSTEM32\DBGHELP.DLL
0x00007ff8a1610000 - 0x00007ff8a1998000 	C:\WINDOWS\System32\combase.dll
0x00007ff8a1510000 - 0x00007ff8a15e7000 	C:\WINDOWS\System32\OLEAUT32.dll
0x00007ff881210000 - 0x00007ff881242000 	C:\WINDOWS\SYSTEM32\dbgcore.DLL
0x00007ff89f210000 - 0x00007ff89f289000 	C:\WINDOWS\System32\bcryptPrimitives.dll
0x00007ff88b4a0000 - 0x00007ff88b4c8000 	C:\Program Files\Java\jdk-11\bin\java.dll
0x00007ff88b550000 - 0x00007ff88b55a000 	C:\Program Files\Java\jdk-11\bin\jimage.dll
0x00007ff8889a0000 - 0x00007ff8889b7000 	C:\Program Files\Java\jdk-11\bin\zip.dll
0x00007ff8a0940000 - 0x00007ff8a119c000 	C:\WINDOWS\System32\SHELL32.dll
0x00007ff89cc50000 - 0x00007ff89d546000 	C:\WINDOWS\SYSTEM32\windows.storage.dll
0x00007ff89cb10000 - 0x00007ff89cc4e000 	C:\WINDOWS\SYSTEM32\wintypes.dll
0x00007ff8a1220000 - 0x00007ff8a1315000 	C:\WINDOWS\System32\SHCORE.dll
0x00007ff89fdb0000 - 0x00007ff89fe0e000 	C:\WINDOWS\System32\shlwapi.dll
0x00007ff89ecc0000 - 0x00007ff89ece1000 	C:\WINDOWS\SYSTEM32\profapi.dll
0x00007ff888900000 - 0x00007ff888919000 	C:\Program Files\Java\jdk-11\bin\net.dll
0x00007ff897030000 - 0x00007ff897166000 	C:\WINDOWS\SYSTEM32\WINHTTP.dll
0x00007ff89e1d0000 - 0x00007ff89e239000 	C:\WINDOWS\system32\mswsock.dll
0x00007ff8888e0000 - 0x00007ff8888f2000 	C:\Program Files\Java\jdk-11\bin\nio.dll
0x00007ff899b70000 - 0x00007ff899b97000 	C:\Users\gabri\.gradle\native\e1d6ef7f7dcc3fd88c89a11ec53ec762bb8ba0a96d01ffa2cd45eb1d1d8dd5c5\windows-amd64\native-platform.dll
0x00007ff899b40000 - 0x00007ff899b49000 	C:\Program Files\Java\jdk-11\bin\management.dll
0x00007ff898420000 - 0x00007ff89842b000 	C:\Program Files\Java\jdk-11\bin\management_ext.dll
0x00007ff89e470000 - 0x00007ff89e48b000 	C:\WINDOWS\SYSTEM32\CRYPTSP.dll
0x00007ff89dcd0000 - 0x00007ff89dd05000 	C:\WINDOWS\system32\rsaenh.dll
0x00007ff89e270000 - 0x00007ff89e298000 	C:\WINDOWS\SYSTEM32\USERENV.dll
0x00007ff89e3d0000 - 0x00007ff89e3dc000 	C:\WINDOWS\SYSTEM32\CRYPTBASE.dll
0x00007ff89d7f0000 - 0x00007ff89d81d000 	C:\WINDOWS\SYSTEM32\IPHLPAPI.DLL
0x00007ff8a06b0000 - 0x00007ff8a06b9000 	C:\WINDOWS\System32\NSI.dll
0x00007ff8973c0000 - 0x00007ff8973d9000 	C:\WINDOWS\SYSTEM32\dhcpcsvc6.DLL
0x00007ff896f00000 - 0x00007ff896f1f000 	C:\WINDOWS\SYSTEM32\dhcpcsvc.DLL
0x00007ff89d820000 - 0x00007ff89d918000 	C:\WINDOWS\SYSTEM32\DNSAPI.dll

dbghelp: loaded successfully - version: 4.0.5 - missing functions: none
symbol engine: initialized successfully - sym options: 0x614 - pdb path: .;C:\Program Files\Java\jdk-11\bin;C:\WINDOWS\SYSTEM32;C:\WINDOWS\WinSxS\amd64_microsoft.windows.common-controls_6595b64144ccf1df_6.0.22621.3527_none_270e469b73872a76;C:\Program Files\Java\jdk-11\bin\server;C:\Users\gabri\.gradle\native\e1d6ef7f7dcc3fd88c89a11ec53ec762bb8ba0a96d01ffa2cd45eb1d1d8dd5c5\windows-amd64

VM Arguments:
jvm_args: -Xmx64m -Xms64m -Dorg.gradle.appname=gradlew 
java_command: org.gradle.wrapper.GradleWrapperMain tasks
java_class_path (initial): C:\Users\gabri\OneDrive\Documents\Visual Studio Code Projects\EncorEd\encoredmobile\android\\gradle\wrapper\gradle-wrapper.jar
Launcher Type: SUN_STANDARD

[Global flags]
     intx CICompilerCount                          = 4                                         {product} {ergonomic}
     uint ConcGCThreads                            = 2                                         {product} {ergonomic}
     uint G1ConcRefinementThreads                  = 8                                         {product} {ergonomic}
   size_t G1HeapRegionSize                         = 1048576                                   {product} {ergonomic}
    uintx GCDrainStackTargetSize                   = 64                                        {product} {ergonomic}
   size_t InitialHeapSize                          = 67108864                                  {product} {command line}
   size_t MarkStackSize                            = 4194304                                   {product} {ergonomic}
   size_t MaxHeapSize                              = 67108864                                  {product} {command line}
   size_t MaxNewSize                               = 39845888                                  {product} {ergonomic}
   size_t MinHeapDeltaBytes                        = 1048576                                   {product} {ergonomic}
    uintx NonNMethodCodeHeapSize                   = 5836300                                {pd product} {ergonomic}
    uintx NonProfiledCodeHeapSize                  = 122910970                              {pd product} {ergonomic}
    uintx ProfiledCodeHeapSize                     = 122910970                              {pd product} {ergonomic}
    uintx ReservedCodeCacheSize                    = 251658240                              {pd product} {ergonomic}
     bool SegmentedCodeCache                       = true                                      {product} {ergonomic}
     bool UseCompressedClassPointers               = true                                 {lp64_product} {ergonomic}
     bool UseCompressedOops                        = true                                 {lp64_product} {ergonomic}
     bool UseG1GC                                  = true                                      {product} {ergonomic}
     bool UseLargePagesIndividualAllocation        = false                                  {pd product} {ergonomic}

Logging:
Log output configuration:
 #0: stdout all=warning uptime,level,tags
 #1: stderr all=off uptime,level,tags

Environment Variables:
JAVA_HOME=C:\Program Files\Java\jdk-11\
CLASSPATH=C:\Users\gabri\OneDrive\Documents\Visual Studio Code Projects\EncorEd\encoredmobile\android\\gradle\wrapper\gradle-wrapper.jar
PATH=C:\Users\gabri\OneDrive\Documents\Visual Studio Code Projects\EncorEd\encoredmobile\node_modules\.bin;C:\Users\gabri\OneDrive\Documents\Visual Studio Code Projects\EncorEd\encoredmobile\node_modules\.bin;C:\Users\gabri\OneDrive\Documents\Visual Studio Code Projects\EncorEd\node_modules\.bin;C:\Users\gabri\OneDrive\Documents\Visual Studio Code Projects\node_modules\.bin;C:\Users\gabri\OneDrive\Documents\node_modules\.bin;C:\Users\gabri\OneDrive\node_modules\.bin;C:\Users\gabri\node_modules\.bin;C:\Users\node_modules\.bin;C:\node_modules\.bin;C:\Program Files\nodejs\node_modules\npm\node_modules\@npmcli\run-script\lib\node-gyp-bin;C:\Users\gabri\AppData\Local\Temp\yarn--1716767081027-0.9053153801477622;C:\Users\gabri\OneDrive\Documents\Visual Studio Code Projects\EncorEd\encoredmobile\node_modules\.bin;C:\Users\gabri\AppData\Local\Yarn\Data\link\node_modules\.bin;C:\Users\gabri\AppData\Local\Yarn\bin;C:\Program Files\libexec\lib\node_modules\npm\bin\node-gyp-bin;C:\Program Files\lib\node_modules\npm\bin\node-gyp-bin;C:\Program Files\nodejs\node_modules\npm\bin\node-gyp-bin;C:\Program Files\Java\jdk-11\bin;C:\Program Files\Common Files\Oracle\Java\javapath;C:\Program Files (x86)\Intel\Intel(R) Management Engine Components\iCLS\;C:\Program Files\Intel\Intel(R) Management Engine Components\iCLS\;C:\WINDOWS\system32;C:\WINDOWS;C:\WINDOWS\System32\Wbem;C:\WINDOWS\System32\WindowsPowerShell\v1.0\;C:\WINDOWS\System32\OpenSSH\;C:\Program Files\Git\cmd;C:\ProgramData\chocolatey\bin;C:\Program Files\Microsoft SQL Server\150\Tools\Binn\;C:\Program Files\Microsoft SQL Server\Client SDK\ODBC\170\Tools\Binn\;C:\Program Files\dotnet\;C:\Program Files (x86)\Microsoft SQL Server\160\Tools\Binn\;C:\Program Files\Microsoft SQL Server\160\Tools\Binn\;C:\Program Files\Microsoft SQL Server\160\DTS\Binn\;C:\Program Files (x86)\Microsoft SQL Server\160\DTS\Binn\;C:\Program Files\Azure Data Studio\bin;C:\Program Files\Docker\Docker\resources\bin;C:\Users\gabri\AppData\Local\Programs\Python\
USERNAME=gabri
OS=Windows_NT
PROCESSOR_IDENTIFIER=Intel64 Family 6 Model 142 Stepping 11, GenuineIntel



---------------  S Y S T E M  ---------------

OS: Windows 11 , 64 bit Build 22621 (10.0.22621.3527)
Hyper-V role detected

CPU:total 8 (initial active 8) (4 cores per cpu, 2 threads per core) family 6 model 142 stepping 11 microcode 0xf4, cmov, cx8, fxsr, mmx, sse, sse2, sse3, ssse3, sse4.1, sse4.2, popcnt, avx, avx2, aes, clmul, erms, 3dnowpref, lzcnt, ht, tsc, tscinvbit, bmi1, bmi2, adx, fma

Memory: 4k page, system-wide physical 16259M (1534M free)
TotalPageFile size 40564M (AvailPageFile size 1379M)
current process WorkingSet (physical memory assigned to process): 85M, peak: 85M
current process commit charge ("private bytes"): 159M, peak: 160M

vm_info: Java HotSpot(TM) 64-Bit Server VM (11.0.18+9-LTS-195) for windows-amd64 JRE (11.0.18+9-LTS-195), built on Dec  6 2022 15:50:58 by "mach5one" with MS VC++ 17.1 (VS2022)

END.
